14:28:16 **** Incremental Build of configuration Debug for project epsSubsystem ****
make all 
Building file: ../Src/eps_state.c
Invoking: MCU GCC Compiler
/home/ariolis/upsat-eps-software/epsSubsystemWorkspace/epsSubsystem/Debug
arm-none-eabi-gcc -mcpu=cortex-m3 -mthumb -mfloat-abi=soft -D__weak="__attribute__((weak))" -D__packed="__attribute__((__packed__))" -DUSE_HAL_DRIVER -DSTM32L152xB -I"/home/ariolis/upsat-eps-software/epsSubsystemWorkspace/epsSubsystem/Inc" -I"/home/ariolis/upsat-eps-software/epsSubsystemWorkspace/epsSubsystem/Drivers/STM32L1xx_HAL_Driver/Inc" -I"/home/ariolis/upsat-eps-software/epsSubsystemWorkspace/epsSubsystem/Drivers/STM32L1xx_HAL_Driver/Inc/Legacy" -I"/home/ariolis/upsat-eps-software/epsSubsystemWorkspace/epsSubsystem/Drivers/CMSIS/Include" -I"/home/ariolis/upsat-eps-software/epsSubsystemWorkspace/epsSubsystem/Drivers/CMSIS/Device/ST/STM32L1xx/Include"  -O0 -g3 -Wall -fmessage-length=0 -ffunction-sections -c -fmessage-length=0 -MMD -MP -MF"Src/eps_state.d" -MT"Src/eps_state.o" -o "Src/eps_state.o" "../Src/eps_state.c"
In file included from ../Src/eps_state.c:8:0:
/home/ariolis/upsat-eps-software/epsSubsystemWorkspace/epsSubsystem/Inc/eps_state.h:93:27: error: conflicting types for 'EPS_get_rail_switch_status'
 EPS_switch_control_status EPS_get_rail_switch_status(EPS_switch_control *eps_switch);
                           ^
/home/ariolis/upsat-eps-software/epsSubsystemWorkspace/epsSubsystem/Inc/eps_state.h:89:24: note: previous declaration of 'EPS_get_rail_switch_status' was here
 EPS_switch_rail_status EPS_get_rail_switch_status(EPS_switch_rail *eps_switch);
                        ^
../Src/eps_state.c: In function 'get_batterypack_temperature':
../Src/eps_state.c:109:11: warning: variable 'device_power_mode' set but not used [-Wunused-but-set-variable]
   uint8_t device_power_mode = read_device_status(h_i2c, sensor_A_i2c_address);
           ^
../Src/eps_state.c:102:16: warning: variable 'status' set but not used [-Wunused-but-set-variable]
   TC_74_STATUS status = DEVICE_ERROR;
                ^
make: *** [Src/eps_state.o] Error 1
14:28:55 **** Incremental Build of configuration Debug for project epsSubsystem ****
make all 
Building file: ../Src/eps_state.c
Invoking: MCU GCC Compiler
/home/ariolis/upsat-eps-software/epsSubsystemWorkspace/epsSubsystem/Debug
arm-none-eabi-gcc -mcpu=cortex-m3 -mthumb -mfloat-abi=soft -D__weak="__attribute__((weak))" -D__packed="__attribute__((__packed__))" -DUSE_HAL_DRIVER -DSTM32L152xB -I"/home/ariolis/upsat-eps-software/epsSubsystemWorkspace/epsSubsystem/Inc" -I"/home/ariolis/upsat-eps-software/epsSubsystemWorkspace/epsSubsystem/Drivers/STM32L1xx_HAL_Driver/Inc" -I"/home/ariolis/upsat-eps-software/epsSubsystemWorkspace/epsSubsystem/Drivers/STM32L1xx_HAL_Driver/Inc/Legacy" -I"/home/ariolis/upsat-eps-software/epsSubsystemWorkspace/epsSubsystem/Drivers/CMSIS/Include" -I"/home/ariolis/upsat-eps-software/epsSubsystemWorkspace/epsSubsystem/Drivers/CMSIS/Device/ST/STM32L1xx/Include"  -O0 -g3 -Wall -fmessage-length=0 -ffunction-sections -c -fmessage-length=0 -MMD -MP -MF"Src/eps_state.d" -MT"Src/eps_state.o" -o "Src/eps_state.o" "../Src/eps_state.c"
../Src/eps_state.c: In function 'get_batterypack_temperature':
../Src/eps_state.c:109:11: warning: variable 'device_power_mode' set but not used [-Wunused-but-set-variable]
   uint8_t device_power_mode = read_device_status(h_i2c, sensor_A_i2c_address);
           ^
../Src/eps_state.c:102:16: warning: variable 'status' set but not used [-Wunused-but-set-variable]
   TC_74_STATUS status = DEVICE_ERROR;
                ^
Finished building: ../Src/eps_state.c
 
Building file: ../Src/main.c
Invoking: MCU GCC Compiler
/home/ariolis/upsat-eps-software/epsSubsystemWorkspace/epsSubsystem/Debug
arm-none-eabi-gcc -mcpu=cortex-m3 -mthumb -mfloat-abi=soft -D__weak="__attribute__((weak))" -D__packed="__attribute__((__packed__))" -DUSE_HAL_DRIVER -DSTM32L152xB -I"/home/ariolis/upsat-eps-software/epsSubsystemWorkspace/epsSubsystem/Inc" -I"/home/ariolis/upsat-eps-software/epsSubsystemWorkspace/epsSubsystem/Drivers/STM32L1xx_HAL_Driver/Inc" -I"/home/ariolis/upsat-eps-software/epsSubsystemWorkspace/epsSubsystem/Drivers/STM32L1xx_HAL_Driver/Inc/Legacy" -I"/home/ariolis/upsat-eps-software/epsSubsystemWorkspace/epsSubsystem/Drivers/CMSIS/Include" -I"/home/ariolis/upsat-eps-software/epsSubsystemWorkspace/epsSubsystem/Drivers/CMSIS/Device/ST/STM32L1xx/Include"  -O0 -g3 -Wall -fmessage-length=0 -ffunction-sections -c -fmessage-length=0 -MMD -MP -MF"Src/main.d" -MT"Src/main.o" -o "Src/main.o" "../Src/main.c"
../Src/main.c: In function 'main':
../Src/main.c:149:10: warning: pointer targets in passing argument 1 of 'sprintf' differ in signedness [-Wpointer-sign]
  sprintf(uart_output_buffer, "UART test ...\n");
          ^
In file included from /home/ariolis/Ac6/SystemWorkbench/plugins/fr.ac6.mcu.externaltools.arm-none.linux64_1.7.0.201602291252/tools/compiler/arm-none-eabi/include/stdio.h:29:0,
                 from /home/ariolis/upsat-eps-software/epsSubsystemWorkspace/epsSubsystem/Drivers/STM32L1xx_HAL_Driver/Inc/stm32l1xx_hal_def.h:50,
                 from /home/ariolis/upsat-eps-software/epsSubsystemWorkspace/epsSubsystem/Drivers/STM32L1xx_HAL_Driver/Inc/stm32l1xx_hal_rcc.h:47,
                 from /home/ariolis/upsat-eps-software/epsSubsystemWorkspace/epsSubsystem/Inc/stm32l1xx_hal_conf.h:153,
                 from /home/ariolis/upsat-eps-software/epsSubsystemWorkspace/epsSubsystem/Drivers/STM32L1xx_HAL_Driver/Inc/stm32l1xx_hal.h:48,
                 from ../Src/main.c:34:
/home/ariolis/Ac6/SystemWorkbench/plugins/fr.ac6.mcu.externaltools.arm-none.linux64_1.7.0.201602291252/tools/compiler/arm-none-eabi/include/stdio.h:225:5: note: expected 'char * restrict' but argument is of type 'uint8_t * {aka unsigned char *}'
 int _EXFUN(sprintf, (char *__restrict, const char *__restrict, ...)
     ^
Finished building: ../Src/main.c
 
Building target: epsSubsystem.elf
Invoking: MCU GCC Linker
arm-none-eabi-gcc -mcpu=cortex-m3 -mthumb -mfloat-abi=soft -specs=nosys.specs -specs=nano.specs -T"../STM32L152RBTx_FLASH.ld" -Wl,-Map=output.map -Wl,--gc-sections -lm -o "epsSubsystem.elf" @"objects.list"  
Finished building target: epsSubsystem.elf
 
make --no-print-directory post-build
Generating binary and Printing size information:
arm-none-eabi-objcopy -O binary "epsSubsystem.elf" "epsSubsystem.bin"
arm-none-eabi-size "epsSubsystem.elf"
   text	   data	    bss	    dec	    hex	filename
  25204	     16	   2456	  27676	   6c1c	epsSubsystem.elf
 
15:18:08 **** Incremental Build of configuration Debug for project epsSubsystem ****
make all 
Building file: ../Src/eps_state.c
Invoking: MCU GCC Compiler
/home/ariolis/upsat-eps-software/epsSubsystemWorkspace/epsSubsystem/Debug
arm-none-eabi-gcc -mcpu=cortex-m3 -mthumb -mfloat-abi=soft -D__weak="__attribute__((weak))" -D__packed="__attribute__((__packed__))" -DUSE_HAL_DRIVER -DSTM32L152xB -I"/home/ariolis/upsat-eps-software/epsSubsystemWorkspace/epsSubsystem/Inc" -I"/home/ariolis/upsat-eps-software/epsSubsystemWorkspace/epsSubsystem/Drivers/STM32L1xx_HAL_Driver/Inc" -I"/home/ariolis/upsat-eps-software/epsSubsystemWorkspace/epsSubsystem/Drivers/STM32L1xx_HAL_Driver/Inc/Legacy" -I"/home/ariolis/upsat-eps-software/epsSubsystemWorkspace/epsSubsystem/Drivers/CMSIS/Include" -I"/home/ariolis/upsat-eps-software/epsSubsystemWorkspace/epsSubsystem/Drivers/CMSIS/Device/ST/STM32L1xx/Include"  -O0 -g3 -Wall -fmessage-length=0 -ffunction-sections -c -fmessage-length=0 -MMD -MP -MF"Src/eps_state.d" -MT"Src/eps_state.o" -o "Src/eps_state.o" "../Src/eps_state.c"
../Src/eps_state.c: In function 'get_batterypack_temperature':
../Src/eps_state.c:109:11: warning: variable 'device_power_mode' set but not used [-Wunused-but-set-variable]
   uint8_t device_power_mode = read_device_status(h_i2c, sensor_A_i2c_address);
           ^
../Src/eps_state.c:102:16: warning: variable 'status' set but not used [-Wunused-but-set-variable]
   TC_74_STATUS status = DEVICE_ERROR;
                ^
../Src/eps_state.c: At top level:
../Src/eps_state.c:173:24: error: conflicting types for 'EPS_get_rail_switch_status'
 EPS_switch_rail_status EPS_get_rail_switch_status(EPS_switch_rail eps_switch){
                        ^
In file included from ../Src/eps_state.c:8:0:
/home/ariolis/upsat-eps-software/epsSubsystemWorkspace/epsSubsystem/Inc/eps_state.h:89:24: note: previous declaration of 'EPS_get_rail_switch_status' was here
 EPS_switch_rail_status EPS_get_rail_switch_status(EPS_switch_rail *eps_switch);
                        ^
../Src/eps_state.c: In function 'EPS_get_rail_switch_status':
../Src/eps_state.c:198:6: error: label at end of compound statement
      default :
      ^
../Src/eps_state.c:202:1: warning: control reaches end of non-void function [-Wreturn-type]
 }
 ^
make: *** [Src/eps_state.o] Error 1
15:22:32 **** Incremental Build of configuration Debug for project epsSubsystem ****
make all 
Building file: ../Src/eps_state.c
Invoking: MCU GCC Compiler
/home/ariolis/upsat-eps-software/epsSubsystemWorkspace/epsSubsystem/Debug
arm-none-eabi-gcc -mcpu=cortex-m3 -mthumb -mfloat-abi=soft -D__weak="__attribute__((weak))" -D__packed="__attribute__((__packed__))" -DUSE_HAL_DRIVER -DSTM32L152xB -I"/home/ariolis/upsat-eps-software/epsSubsystemWorkspace/epsSubsystem/Inc" -I"/home/ariolis/upsat-eps-software/epsSubsystemWorkspace/epsSubsystem/Drivers/STM32L1xx_HAL_Driver/Inc" -I"/home/ariolis/upsat-eps-software/epsSubsystemWorkspace/epsSubsystem/Drivers/STM32L1xx_HAL_Driver/Inc/Legacy" -I"/home/ariolis/upsat-eps-software/epsSubsystemWorkspace/epsSubsystem/Drivers/CMSIS/Include" -I"/home/ariolis/upsat-eps-software/epsSubsystemWorkspace/epsSubsystem/Drivers/CMSIS/Device/ST/STM32L1xx/Include"  -O0 -g3 -Wall -fmessage-length=0 -ffunction-sections -c -fmessage-length=0 -MMD -MP -MF"Src/eps_state.d" -MT"Src/eps_state.o" -o "Src/eps_state.o" "../Src/eps_state.c"
../Src/eps_state.c: In function 'get_batterypack_temperature':
../Src/eps_state.c:109:11: warning: variable 'device_power_mode' set but not used [-Wunused-but-set-variable]
   uint8_t device_power_mode = read_device_status(h_i2c, sensor_A_i2c_address);
           ^
../Src/eps_state.c:102:16: warning: variable 'status' set but not used [-Wunused-but-set-variable]
   TC_74_STATUS status = DEVICE_ERROR;
                ^
../Src/eps_state.c: At top level:
../Src/eps_state.c:173:24: error: conflicting types for 'EPS_get_rail_switch_status'
 EPS_switch_rail_status EPS_get_rail_switch_status(EPS_switch_rail eps_switch){
                        ^
In file included from ../Src/eps_state.c:8:0:
/home/ariolis/upsat-eps-software/epsSubsystemWorkspace/epsSubsystem/Inc/eps_state.h:89:24: note: previous declaration of 'EPS_get_rail_switch_status' was here
 EPS_switch_rail_status EPS_get_rail_switch_status(EPS_switch_rail *eps_switch);
                        ^
../Src/eps_state.c: In function 'EPS_get_rail_switch_status':
../Src/eps_state.c:180:6: error: too many arguments to function 'HAL_GPIO_ReadPin'
      HAL_GPIO_ReadPin(GPIO_OBC_SWITCH_GPIO_Port, GPIO_OBC_SWITCH_Pin, GPIO_PIN_SET);
      ^
In file included from /home/ariolis/upsat-eps-software/epsSubsystemWorkspace/epsSubsystem/Inc/stm32l1xx_hal_conf.h:157:0,
                 from /home/ariolis/upsat-eps-software/epsSubsystemWorkspace/epsSubsystem/Drivers/STM32L1xx_HAL_Driver/Inc/stm32l1xx_hal.h:48,
                 from /home/ariolis/upsat-eps-software/epsSubsystemWorkspace/epsSubsystem/Inc/eps_state.h:11,
                 from ../Src/eps_state.c:8:
/home/ariolis/upsat-eps-software/epsSubsystemWorkspace/epsSubsystem/Drivers/STM32L1xx_HAL_Driver/Inc/stm32l1xx_hal_gpio.h:307:19: note: declared here
 GPIO_PinState     HAL_GPIO_ReadPin(GPIO_TypeDef* GPIOx, uint16_t GPIO_Pin);
                   ^
../Src/eps_state.c:200:6: error: label at end of compound statement
      default :
      ^
../Src/eps_state.c:204:1: warning: control reaches end of non-void function [-Wreturn-type]
 }
 ^
make: *** [Src/eps_state.o] Error 1
15:23:00 **** Incremental Build of configuration Debug for project epsSubsystem ****
make all 
Building file: ../Src/eps_state.c
Invoking: MCU GCC Compiler
/home/ariolis/upsat-eps-software/epsSubsystemWorkspace/epsSubsystem/Debug
arm-none-eabi-gcc -mcpu=cortex-m3 -mthumb -mfloat-abi=soft -D__weak="__attribute__((weak))" -D__packed="__attribute__((__packed__))" -DUSE_HAL_DRIVER -DSTM32L152xB -I"/home/ariolis/upsat-eps-software/epsSubsystemWorkspace/epsSubsystem/Inc" -I"/home/ariolis/upsat-eps-software/epsSubsystemWorkspace/epsSubsystem/Drivers/STM32L1xx_HAL_Driver/Inc" -I"/home/ariolis/upsat-eps-software/epsSubsystemWorkspace/epsSubsystem/Drivers/STM32L1xx_HAL_Driver/Inc/Legacy" -I"/home/ariolis/upsat-eps-software/epsSubsystemWorkspace/epsSubsystem/Drivers/CMSIS/Include" -I"/home/ariolis/upsat-eps-software/epsSubsystemWorkspace/epsSubsystem/Drivers/CMSIS/Device/ST/STM32L1xx/Include"  -O0 -g3 -Wall -fmessage-length=0 -ffunction-sections -c -fmessage-length=0 -MMD -MP -MF"Src/eps_state.d" -MT"Src/eps_state.o" -o "Src/eps_state.o" "../Src/eps_state.c"
../Src/eps_state.c: In function 'get_batterypack_temperature':
../Src/eps_state.c:109:11: warning: variable 'device_power_mode' set but not used [-Wunused-but-set-variable]
   uint8_t device_power_mode = read_device_status(h_i2c, sensor_A_i2c_address);
           ^
../Src/eps_state.c:102:16: warning: variable 'status' set but not used [-Wunused-but-set-variable]
   TC_74_STATUS status = DEVICE_ERROR;
                ^
../Src/eps_state.c: In function 'EPS_get_rail_switch_status':
../Src/eps_state.c:180:6: error: too many arguments to function 'HAL_GPIO_ReadPin'
      HAL_GPIO_ReadPin(GPIO_OBC_SWITCH_GPIO_Port, GPIO_OBC_SWITCH_Pin, GPIO_PIN_SET);
      ^
In file included from /home/ariolis/upsat-eps-software/epsSubsystemWorkspace/epsSubsystem/Inc/stm32l1xx_hal_conf.h:157:0,
                 from /home/ariolis/upsat-eps-software/epsSubsystemWorkspace/epsSubsystem/Drivers/STM32L1xx_HAL_Driver/Inc/stm32l1xx_hal.h:48,
                 from /home/ariolis/upsat-eps-software/epsSubsystemWorkspace/epsSubsystem/Inc/eps_state.h:11,
                 from ../Src/eps_state.c:8:
/home/ariolis/upsat-eps-software/epsSubsystemWorkspace/epsSubsystem/Drivers/STM32L1xx_HAL_Driver/Inc/stm32l1xx_hal_gpio.h:307:19: note: declared here
 GPIO_PinState     HAL_GPIO_ReadPin(GPIO_TypeDef* GPIOx, uint16_t GPIO_Pin);
                   ^
../Src/eps_state.c:200:6: error: label at end of compound statement
      default :
      ^
../Src/eps_state.c:204:1: warning: control reaches end of non-void function [-Wreturn-type]
 }
 ^
make: *** [Src/eps_state.o] Error 1
15:23:08 **** Incremental Build of configuration Debug for project epsSubsystem ****
make all 
Building file: ../Src/eps_state.c
Invoking: MCU GCC Compiler
/home/ariolis/upsat-eps-software/epsSubsystemWorkspace/epsSubsystem/Debug
arm-none-eabi-gcc -mcpu=cortex-m3 -mthumb -mfloat-abi=soft -D__weak="__attribute__((weak))" -D__packed="__attribute__((__packed__))" -DUSE_HAL_DRIVER -DSTM32L152xB -I"/home/ariolis/upsat-eps-software/epsSubsystemWorkspace/epsSubsystem/Inc" -I"/home/ariolis/upsat-eps-software/epsSubsystemWorkspace/epsSubsystem/Drivers/STM32L1xx_HAL_Driver/Inc" -I"/home/ariolis/upsat-eps-software/epsSubsystemWorkspace/epsSubsystem/Drivers/STM32L1xx_HAL_Driver/Inc/Legacy" -I"/home/ariolis/upsat-eps-software/epsSubsystemWorkspace/epsSubsystem/Drivers/CMSIS/Include" -I"/home/ariolis/upsat-eps-software/epsSubsystemWorkspace/epsSubsystem/Drivers/CMSIS/Device/ST/STM32L1xx/Include"  -O0 -g3 -Wall -fmessage-length=0 -ffunction-sections -c -fmessage-length=0 -MMD -MP -MF"Src/eps_state.d" -MT"Src/eps_state.o" -o "Src/eps_state.o" "../Src/eps_state.c"
../Src/eps_state.c: In function 'get_batterypack_temperature':
../Src/eps_state.c:109:11: warning: variable 'device_power_mode' set but not used [-Wunused-but-set-variable]
   uint8_t device_power_mode = read_device_status(h_i2c, sensor_A_i2c_address);
           ^
../Src/eps_state.c:102:16: warning: variable 'status' set but not used [-Wunused-but-set-variable]
   TC_74_STATUS status = DEVICE_ERROR;
                ^
../Src/eps_state.c: In function 'EPS_get_rail_switch_status':
../Src/eps_state.c:200:6: error: label at end of compound statement
      default :
      ^
../Src/eps_state.c:204:1: warning: control reaches end of non-void function [-Wreturn-type]
 }
 ^
make: *** [Src/eps_state.o] Error 1
15:23:46 **** Incremental Build of configuration Debug for project epsSubsystem ****
make all 
Building file: ../Src/eps_state.c
Invoking: MCU GCC Compiler
/home/ariolis/upsat-eps-software/epsSubsystemWorkspace/epsSubsystem/Debug
arm-none-eabi-gcc -mcpu=cortex-m3 -mthumb -mfloat-abi=soft -D__weak="__attribute__((weak))" -D__packed="__attribute__((__packed__))" -DUSE_HAL_DRIVER -DSTM32L152xB -I"/home/ariolis/upsat-eps-software/epsSubsystemWorkspace/epsSubsystem/Inc" -I"/home/ariolis/upsat-eps-software/epsSubsystemWorkspace/epsSubsystem/Drivers/STM32L1xx_HAL_Driver/Inc" -I"/home/ariolis/upsat-eps-software/epsSubsystemWorkspace/epsSubsystem/Drivers/STM32L1xx_HAL_Driver/Inc/Legacy" -I"/home/ariolis/upsat-eps-software/epsSubsystemWorkspace/epsSubsystem/Drivers/CMSIS/Include" -I"/home/ariolis/upsat-eps-software/epsSubsystemWorkspace/epsSubsystem/Drivers/CMSIS/Device/ST/STM32L1xx/Include"  -O0 -g3 -Wall -fmessage-length=0 -ffunction-sections -c -fmessage-length=0 -MMD -MP -MF"Src/eps_state.d" -MT"Src/eps_state.o" -o "Src/eps_state.o" "../Src/eps_state.c"
../Src/eps_state.c: In function 'get_batterypack_temperature':
../Src/eps_state.c:109:11: warning: variable 'device_power_mode' set but not used [-Wunused-but-set-variable]
   uint8_t device_power_mode = read_device_status(h_i2c, sensor_A_i2c_address);
           ^
../Src/eps_state.c:102:16: warning: variable 'status' set but not used [-Wunused-but-set-variable]
   TC_74_STATUS status = DEVICE_ERROR;
                ^
../Src/eps_state.c: In function 'EPS_get_rail_switch_status':
../Src/eps_state.c:204:1: warning: control reaches end of non-void function [-Wreturn-type]
 }
 ^
Finished building: ../Src/eps_state.c
 
Building file: ../Src/main.c
Invoking: MCU GCC Compiler
/home/ariolis/upsat-eps-software/epsSubsystemWorkspace/epsSubsystem/Debug
arm-none-eabi-gcc -mcpu=cortex-m3 -mthumb -mfloat-abi=soft -D__weak="__attribute__((weak))" -D__packed="__attribute__((__packed__))" -DUSE_HAL_DRIVER -DSTM32L152xB -I"/home/ariolis/upsat-eps-software/epsSubsystemWorkspace/epsSubsystem/Inc" -I"/home/ariolis/upsat-eps-software/epsSubsystemWorkspace/epsSubsystem/Drivers/STM32L1xx_HAL_Driver/Inc" -I"/home/ariolis/upsat-eps-software/epsSubsystemWorkspace/epsSubsystem/Drivers/STM32L1xx_HAL_Driver/Inc/Legacy" -I"/home/ariolis/upsat-eps-software/epsSubsystemWorkspace/epsSubsystem/Drivers/CMSIS/Include" -I"/home/ariolis/upsat-eps-software/epsSubsystemWorkspace/epsSubsystem/Drivers/CMSIS/Device/ST/STM32L1xx/Include"  -O0 -g3 -Wall -fmessage-length=0 -ffunction-sections -c -fmessage-length=0 -MMD -MP -MF"Src/main.d" -MT"Src/main.o" -o "Src/main.o" "../Src/main.c"
../Src/main.c: In function 'main':
../Src/main.c:149:10: warning: pointer targets in passing argument 1 of 'sprintf' differ in signedness [-Wpointer-sign]
  sprintf(uart_output_buffer, "UART test ...\n");
          ^
In file included from /home/ariolis/Ac6/SystemWorkbench/plugins/fr.ac6.mcu.externaltools.arm-none.linux64_1.7.0.201602291252/tools/compiler/arm-none-eabi/include/stdio.h:29:0,
                 from /home/ariolis/upsat-eps-software/epsSubsystemWorkspace/epsSubsystem/Drivers/STM32L1xx_HAL_Driver/Inc/stm32l1xx_hal_def.h:50,
                 from /home/ariolis/upsat-eps-software/epsSubsystemWorkspace/epsSubsystem/Drivers/STM32L1xx_HAL_Driver/Inc/stm32l1xx_hal_rcc.h:47,
                 from /home/ariolis/upsat-eps-software/epsSubsystemWorkspace/epsSubsystem/Inc/stm32l1xx_hal_conf.h:153,
                 from /home/ariolis/upsat-eps-software/epsSubsystemWorkspace/epsSubsystem/Drivers/STM32L1xx_HAL_Driver/Inc/stm32l1xx_hal.h:48,
                 from ../Src/main.c:34:
/home/ariolis/Ac6/SystemWorkbench/plugins/fr.ac6.mcu.externaltools.arm-none.linux64_1.7.0.201602291252/tools/compiler/arm-none-eabi/include/stdio.h:225:5: note: expected 'char * restrict' but argument is of type 'uint8_t * {aka unsigned char *}'
 int _EXFUN(sprintf, (char *__restrict, const char *__restrict, ...)
     ^
Finished building: ../Src/main.c
 
Building target: epsSubsystem.elf
Invoking: MCU GCC Linker
arm-none-eabi-gcc -mcpu=cortex-m3 -mthumb -mfloat-abi=soft -specs=nosys.specs -specs=nano.specs -T"../STM32L152RBTx_FLASH.ld" -Wl,-Map=output.map -Wl,--gc-sections -lm -o "epsSubsystem.elf" @"objects.list"  
Finished building target: epsSubsystem.elf
 
make --no-print-directory post-build
Generating binary and Printing size information:
arm-none-eabi-objcopy -O binary "epsSubsystem.elf" "epsSubsystem.bin"
arm-none-eabi-size "epsSubsystem.elf"
   text	   data	    bss	    dec	    hex	filename
  25204	     16	   2456	  27676	   6c1c	epsSubsystem.elf
 
16:01:10 **** Incremental Build of configuration Debug for project epsSubsystem ****
make all 
Building file: ../Src/eps_state.c
Invoking: MCU GCC Compiler
/home/ariolis/upsat-eps-software/epsSubsystemWorkspace/epsSubsystem/Debug
arm-none-eabi-gcc -mcpu=cortex-m3 -mthumb -mfloat-abi=soft -D__weak="__attribute__((weak))" -D__packed="__attribute__((__packed__))" -DUSE_HAL_DRIVER -DSTM32L152xB -I"/home/ariolis/upsat-eps-software/epsSubsystemWorkspace/epsSubsystem/Inc" -I"/home/ariolis/upsat-eps-software/epsSubsystemWorkspace/epsSubsystem/Drivers/STM32L1xx_HAL_Driver/Inc" -I"/home/ariolis/upsat-eps-software/epsSubsystemWorkspace/epsSubsystem/Drivers/STM32L1xx_HAL_Driver/Inc/Legacy" -I"/home/ariolis/upsat-eps-software/epsSubsystemWorkspace/epsSubsystem/Drivers/CMSIS/Include" -I"/home/ariolis/upsat-eps-software/epsSubsystemWorkspace/epsSubsystem/Drivers/CMSIS/Device/ST/STM32L1xx/Include"  -O0 -g3 -Wall -fmessage-length=0 -ffunction-sections -c -fmessage-length=0 -MMD -MP -MF"Src/eps_state.d" -MT"Src/eps_state.o" -o "Src/eps_state.o" "../Src/eps_state.c"
../Src/eps_state.c: In function 'get_batterypack_temperature':
../Src/eps_state.c:109:11: warning: variable 'device_power_mode' set but not used [-Wunused-but-set-variable]
   uint8_t device_power_mode = read_device_status(h_i2c, sensor_A_i2c_address);
           ^
../Src/eps_state.c:102:16: warning: variable 'status' set but not used [-Wunused-but-set-variable]
   TC_74_STATUS status = DEVICE_ERROR;
                ^
../Src/eps_state.c: In function 'EPS_get_rail_switch_status':
../Src/eps_state.c:205:1: warning: control reaches end of non-void function [-Wreturn-type]
 }
 ^
Finished building: ../Src/eps_state.c
 
Building target: epsSubsystem.elf
Invoking: MCU GCC Linker
arm-none-eabi-gcc -mcpu=cortex-m3 -mthumb -mfloat-abi=soft -specs=nosys.specs -specs=nano.specs -T"../STM32L152RBTx_FLASH.ld" -Wl,-Map=output.map -Wl,--gc-sections -lm -o "epsSubsystem.elf" @"objects.list"  
Finished building target: epsSubsystem.elf
 
make --no-print-directory post-build
Generating binary and Printing size information:
arm-none-eabi-objcopy -O binary "epsSubsystem.elf" "epsSubsystem.bin"
arm-none-eabi-size "epsSubsystem.elf"
   text	   data	    bss	    dec	    hex	filename
  25204	     16	   2456	  27676	   6c1c	epsSubsystem.elf
 
16:04:00 **** Incremental Build of configuration Debug for project epsSubsystem ****
make all 
Building file: ../Src/eps_state.c
Invoking: MCU GCC Compiler
/home/ariolis/upsat-eps-software/epsSubsystemWorkspace/epsSubsystem/Debug
arm-none-eabi-gcc -mcpu=cortex-m3 -mthumb -mfloat-abi=soft -D__weak="__attribute__((weak))" -D__packed="__attribute__((__packed__))" -DUSE_HAL_DRIVER -DSTM32L152xB -I"/home/ariolis/upsat-eps-software/epsSubsystemWorkspace/epsSubsystem/Inc" -I"/home/ariolis/upsat-eps-software/epsSubsystemWorkspace/epsSubsystem/Drivers/STM32L1xx_HAL_Driver/Inc" -I"/home/ariolis/upsat-eps-software/epsSubsystemWorkspace/epsSubsystem/Drivers/STM32L1xx_HAL_Driver/Inc/Legacy" -I"/home/ariolis/upsat-eps-software/epsSubsystemWorkspace/epsSubsystem/Drivers/CMSIS/Include" -I"/home/ariolis/upsat-eps-software/epsSubsystemWorkspace/epsSubsystem/Drivers/CMSIS/Device/ST/STM32L1xx/Include"  -O0 -g3 -Wall -fmessage-length=0 -ffunction-sections -c -fmessage-length=0 -MMD -MP -MF"Src/eps_state.d" -MT"Src/eps_state.o" -o "Src/eps_state.o" "../Src/eps_state.c"
../Src/eps_state.c: In function 'get_batterypack_temperature':
../Src/eps_state.c:109:11: warning: variable 'device_power_mode' set but not used [-Wunused-but-set-variable]
   uint8_t device_power_mode = read_device_status(h_i2c, sensor_A_i2c_address);
           ^
../Src/eps_state.c:102:16: warning: variable 'status' set but not used [-Wunused-but-set-variable]
   TC_74_STATUS status = DEVICE_ERROR;
                ^
../Src/eps_state.c: In function 'EPS_get_rail_switch_status':
../Src/eps_state.c:175:16: warning: variable 'gpio_read_value' set but not used [-Wunused-but-set-variable]
  GPIO_PinState gpio_read_value = GPIO_PIN_RESET;
                ^
../Src/eps_state.c:207:1: warning: control reaches end of non-void function [-Wreturn-type]
 }
 ^
Finished building: ../Src/eps_state.c
 
Building target: epsSubsystem.elf
Invoking: MCU GCC Linker
arm-none-eabi-gcc -mcpu=cortex-m3 -mthumb -mfloat-abi=soft -specs=nosys.specs -specs=nano.specs -T"../STM32L152RBTx_FLASH.ld" -Wl,-Map=output.map -Wl,--gc-sections -lm -o "epsSubsystem.elf" @"objects.list"  
Finished building target: epsSubsystem.elf
 
make --no-print-directory post-build
Generating binary and Printing size information:
arm-none-eabi-objcopy -O binary "epsSubsystem.elf" "epsSubsystem.bin"
arm-none-eabi-size "epsSubsystem.elf"
   text	   data	    bss	    dec	    hex	filename
  25204	     16	   2456	  27676	   6c1c	epsSubsystem.elf
 
16:07:12 **** Incremental Build of configuration Debug for project epsSubsystem ****
make all 
Building file: ../Src/eps_state.c
Invoking: MCU GCC Compiler
/home/ariolis/upsat-eps-software/epsSubsystemWorkspace/epsSubsystem/Debug
arm-none-eabi-gcc -mcpu=cortex-m3 -mthumb -mfloat-abi=soft -D__weak="__attribute__((weak))" -D__packed="__attribute__((__packed__))" -DUSE_HAL_DRIVER -DSTM32L152xB -I"/home/ariolis/upsat-eps-software/epsSubsystemWorkspace/epsSubsystem/Inc" -I"/home/ariolis/upsat-eps-software/epsSubsystemWorkspace/epsSubsystem/Drivers/STM32L1xx_HAL_Driver/Inc" -I"/home/ariolis/upsat-eps-software/epsSubsystemWorkspace/epsSubsystem/Drivers/STM32L1xx_HAL_Driver/Inc/Legacy" -I"/home/ariolis/upsat-eps-software/epsSubsystemWorkspace/epsSubsystem/Drivers/CMSIS/Include" -I"/home/ariolis/upsat-eps-software/epsSubsystemWorkspace/epsSubsystem/Drivers/CMSIS/Device/ST/STM32L1xx/Include"  -O0 -g3 -Wall -fmessage-length=0 -ffunction-sections -c -fmessage-length=0 -MMD -MP -MF"Src/eps_state.d" -MT"Src/eps_state.o" -o "Src/eps_state.o" "../Src/eps_state.c"
../Src/eps_state.c: In function 'get_batterypack_temperature':
../Src/eps_state.c:109:11: warning: variable 'device_power_mode' set but not used [-Wunused-but-set-variable]
   uint8_t device_power_mode = read_device_status(h_i2c, sensor_A_i2c_address);
           ^
../Src/eps_state.c:102:16: warning: variable 'status' set but not used [-Wunused-but-set-variable]
   TC_74_STATUS status = DEVICE_ERROR;
                ^
../Src/eps_state.c: In function 'EPS_get_rail_switch_status':
../Src/eps_state.c:209:19: error: expected expression before 'return'
   return_status = return EPS_SWITCH_RAIL_OFF;
                   ^
make: *** [Src/eps_state.o] Error 1
16:07:35 **** Incremental Build of configuration Debug for project epsSubsystem ****
make all 
Building file: ../Src/eps_state.c
Invoking: MCU GCC Compiler
/home/ariolis/upsat-eps-software/epsSubsystemWorkspace/epsSubsystem/Debug
arm-none-eabi-gcc -mcpu=cortex-m3 -mthumb -mfloat-abi=soft -D__weak="__attribute__((weak))" -D__packed="__attribute__((__packed__))" -DUSE_HAL_DRIVER -DSTM32L152xB -I"/home/ariolis/upsat-eps-software/epsSubsystemWorkspace/epsSubsystem/Inc" -I"/home/ariolis/upsat-eps-software/epsSubsystemWorkspace/epsSubsystem/Drivers/STM32L1xx_HAL_Driver/Inc" -I"/home/ariolis/upsat-eps-software/epsSubsystemWorkspace/epsSubsystem/Drivers/STM32L1xx_HAL_Driver/Inc/Legacy" -I"/home/ariolis/upsat-eps-software/epsSubsystemWorkspace/epsSubsystem/Drivers/CMSIS/Include" -I"/home/ariolis/upsat-eps-software/epsSubsystemWorkspace/epsSubsystem/Drivers/CMSIS/Device/ST/STM32L1xx/Include"  -O0 -g3 -Wall -fmessage-length=0 -ffunction-sections -c -fmessage-length=0 -MMD -MP -MF"Src/eps_state.d" -MT"Src/eps_state.o" -o "Src/eps_state.o" "../Src/eps_state.c"
../Src/eps_state.c: In function 'get_batterypack_temperature':
../Src/eps_state.c:109:11: warning: variable 'device_power_mode' set but not used [-Wunused-but-set-variable]
   uint8_t device_power_mode = read_device_status(h_i2c, sensor_A_i2c_address);
           ^
../Src/eps_state.c:102:16: warning: variable 'status' set but not used [-Wunused-but-set-variable]
   TC_74_STATUS status = DEVICE_ERROR;
                ^
Finished building: ../Src/eps_state.c
 
Building target: epsSubsystem.elf
Invoking: MCU GCC Linker
arm-none-eabi-gcc -mcpu=cortex-m3 -mthumb -mfloat-abi=soft -specs=nosys.specs -specs=nano.specs -T"../STM32L152RBTx_FLASH.ld" -Wl,-Map=output.map -Wl,--gc-sections -lm -o "epsSubsystem.elf" @"objects.list"  
Finished building target: epsSubsystem.elf
 
make --no-print-directory post-build
Generating binary and Printing size information:
arm-none-eabi-objcopy -O binary "epsSubsystem.elf" "epsSubsystem.bin"
arm-none-eabi-size "epsSubsystem.elf"
   text	   data	    bss	    dec	    hex	filename
  25204	     16	   2456	  27676	   6c1c	epsSubsystem.elf
 
16:13:15 **** Incremental Build of configuration Debug for project epsSubsystem ****
make all 
Building file: ../Src/eps_state.c
Invoking: MCU GCC Compiler
/home/ariolis/upsat-eps-software/epsSubsystemWorkspace/epsSubsystem/Debug
arm-none-eabi-gcc -mcpu=cortex-m3 -mthumb -mfloat-abi=soft -D__weak="__attribute__((weak))" -D__packed="__attribute__((__packed__))" -DUSE_HAL_DRIVER -DSTM32L152xB -I"/home/ariolis/upsat-eps-software/epsSubsystemWorkspace/epsSubsystem/Inc" -I"/home/ariolis/upsat-eps-software/epsSubsystemWorkspace/epsSubsystem/Drivers/STM32L1xx_HAL_Driver/Inc" -I"/home/ariolis/upsat-eps-software/epsSubsystemWorkspace/epsSubsystem/Drivers/STM32L1xx_HAL_Driver/Inc/Legacy" -I"/home/ariolis/upsat-eps-software/epsSubsystemWorkspace/epsSubsystem/Drivers/CMSIS/Include" -I"/home/ariolis/upsat-eps-software/epsSubsystemWorkspace/epsSubsystem/Drivers/CMSIS/Device/ST/STM32L1xx/Include"  -O0 -g3 -Wall -fmessage-length=0 -ffunction-sections -c -fmessage-length=0 -MMD -MP -MF"Src/eps_state.d" -MT"Src/eps_state.o" -o "Src/eps_state.o" "../Src/eps_state.c"
../Src/eps_state.c: In function 'get_batterypack_temperature':
../Src/eps_state.c:109:11: warning: variable 'device_power_mode' set but not used [-Wunused-but-set-variable]
   uint8_t device_power_mode = read_device_status(h_i2c, sensor_A_i2c_address);
           ^
../Src/eps_state.c:102:16: warning: variable 'status' set but not used [-Wunused-but-set-variable]
   TC_74_STATUS status = DEVICE_ERROR;
                ^
../Src/eps_state.c: At top level:
../Src/eps_state.c:216:27: error: conflicting types for 'EPS_get_control_switch_status'
 EPS_switch_control_status EPS_get_control_switch_status(EPS_switch_control eps_switch) {
                           ^
In file included from ../Src/eps_state.c:8:0:
/home/ariolis/upsat-eps-software/epsSubsystemWorkspace/epsSubsystem/Inc/eps_state.h:93:27: note: previous declaration of 'EPS_get_control_switch_status' was here
 EPS_switch_control_status EPS_get_control_switch_status(EPS_switch_control *eps_switch);
                           ^
make: *** [Src/eps_state.o] Error 1
16:13:46 **** Incremental Build of configuration Debug for project epsSubsystem ****
make all 
Building file: ../Src/eps_state.c
Invoking: MCU GCC Compiler
/home/ariolis/upsat-eps-software/epsSubsystemWorkspace/epsSubsystem/Debug
arm-none-eabi-gcc -mcpu=cortex-m3 -mthumb -mfloat-abi=soft -D__weak="__attribute__((weak))" -D__packed="__attribute__((__packed__))" -DUSE_HAL_DRIVER -DSTM32L152xB -I"/home/ariolis/upsat-eps-software/epsSubsystemWorkspace/epsSubsystem/Inc" -I"/home/ariolis/upsat-eps-software/epsSubsystemWorkspace/epsSubsystem/Drivers/STM32L1xx_HAL_Driver/Inc" -I"/home/ariolis/upsat-eps-software/epsSubsystemWorkspace/epsSubsystem/Drivers/STM32L1xx_HAL_Driver/Inc/Legacy" -I"/home/ariolis/upsat-eps-software/epsSubsystemWorkspace/epsSubsystem/Drivers/CMSIS/Include" -I"/home/ariolis/upsat-eps-software/epsSubsystemWorkspace/epsSubsystem/Drivers/CMSIS/Device/ST/STM32L1xx/Include"  -O0 -g3 -Wall -fmessage-length=0 -ffunction-sections -c -fmessage-length=0 -MMD -MP -MF"Src/eps_state.d" -MT"Src/eps_state.o" -o "Src/eps_state.o" "../Src/eps_state.c"
../Src/eps_state.c: In function 'get_batterypack_temperature':
../Src/eps_state.c:109:11: warning: variable 'device_power_mode' set but not used [-Wunused-but-set-variable]
   uint8_t device_power_mode = read_device_status(h_i2c, sensor_A_i2c_address);
           ^
../Src/eps_state.c:102:16: warning: variable 'status' set but not used [-Wunused-but-set-variable]
   TC_74_STATUS status = DEVICE_ERROR;
                ^
Finished building: ../Src/eps_state.c
 
Building file: ../Src/main.c
Invoking: MCU GCC Compiler
/home/ariolis/upsat-eps-software/epsSubsystemWorkspace/epsSubsystem/Debug
arm-none-eabi-gcc -mcpu=cortex-m3 -mthumb -mfloat-abi=soft -D__weak="__attribute__((weak))" -D__packed="__attribute__((__packed__))" -DUSE_HAL_DRIVER -DSTM32L152xB -I"/home/ariolis/upsat-eps-software/epsSubsystemWorkspace/epsSubsystem/Inc" -I"/home/ariolis/upsat-eps-software/epsSubsystemWorkspace/epsSubsystem/Drivers/STM32L1xx_HAL_Driver/Inc" -I"/home/ariolis/upsat-eps-software/epsSubsystemWorkspace/epsSubsystem/Drivers/STM32L1xx_HAL_Driver/Inc/Legacy" -I"/home/ariolis/upsat-eps-software/epsSubsystemWorkspace/epsSubsystem/Drivers/CMSIS/Include" -I"/home/ariolis/upsat-eps-software/epsSubsystemWorkspace/epsSubsystem/Drivers/CMSIS/Device/ST/STM32L1xx/Include"  -O0 -g3 -Wall -fmessage-length=0 -ffunction-sections -c -fmessage-length=0 -MMD -MP -MF"Src/main.d" -MT"Src/main.o" -o "Src/main.o" "../Src/main.c"
../Src/main.c: In function 'main':
../Src/main.c:149:10: warning: pointer targets in passing argument 1 of 'sprintf' differ in signedness [-Wpointer-sign]
  sprintf(uart_output_buffer, "UART test ...\n");
          ^
In file included from /home/ariolis/Ac6/SystemWorkbench/plugins/fr.ac6.mcu.externaltools.arm-none.linux64_1.7.0.201602291252/tools/compiler/arm-none-eabi/include/stdio.h:29:0,
                 from /home/ariolis/upsat-eps-software/epsSubsystemWorkspace/epsSubsystem/Drivers/STM32L1xx_HAL_Driver/Inc/stm32l1xx_hal_def.h:50,
                 from /home/ariolis/upsat-eps-software/epsSubsystemWorkspace/epsSubsystem/Drivers/STM32L1xx_HAL_Driver/Inc/stm32l1xx_hal_rcc.h:47,
                 from /home/ariolis/upsat-eps-software/epsSubsystemWorkspace/epsSubsystem/Inc/stm32l1xx_hal_conf.h:153,
                 from /home/ariolis/upsat-eps-software/epsSubsystemWorkspace/epsSubsystem/Drivers/STM32L1xx_HAL_Driver/Inc/stm32l1xx_hal.h:48,
                 from ../Src/main.c:34:
/home/ariolis/Ac6/SystemWorkbench/plugins/fr.ac6.mcu.externaltools.arm-none.linux64_1.7.0.201602291252/tools/compiler/arm-none-eabi/include/stdio.h:225:5: note: expected 'char * restrict' but argument is of type 'uint8_t * {aka unsigned char *}'
 int _EXFUN(sprintf, (char *__restrict, const char *__restrict, ...)
     ^
Finished building: ../Src/main.c
 
Building target: epsSubsystem.elf
Invoking: MCU GCC Linker
arm-none-eabi-gcc -mcpu=cortex-m3 -mthumb -mfloat-abi=soft -specs=nosys.specs -specs=nano.specs -T"../STM32L152RBTx_FLASH.ld" -Wl,-Map=output.map -Wl,--gc-sections -lm -o "epsSubsystem.elf" @"objects.list"  
Finished building target: epsSubsystem.elf
 
make --no-print-directory post-build
Generating binary and Printing size information:
arm-none-eabi-objcopy -O binary "epsSubsystem.elf" "epsSubsystem.bin"
arm-none-eabi-size "epsSubsystem.elf"
   text	   data	    bss	    dec	    hex	filename
  25204	     16	   2456	  27676	   6c1c	epsSubsystem.elf
 
16:16:47 **** Incremental Build of configuration Debug for project epsSubsystem ****
make all 
Building file: ../Src/eps_state.c
Invoking: MCU GCC Compiler
/home/ariolis/upsat-eps-software/epsSubsystemWorkspace/epsSubsystem/Debug
arm-none-eabi-gcc -mcpu=cortex-m3 -mthumb -mfloat-abi=soft -D__weak="__attribute__((weak))" -D__packed="__attribute__((__packed__))" -DUSE_HAL_DRIVER -DSTM32L152xB -I"/home/ariolis/upsat-eps-software/epsSubsystemWorkspace/epsSubsystem/Inc" -I"/home/ariolis/upsat-eps-software/epsSubsystemWorkspace/epsSubsystem/Drivers/STM32L1xx_HAL_Driver/Inc" -I"/home/ariolis/upsat-eps-software/epsSubsystemWorkspace/epsSubsystem/Drivers/STM32L1xx_HAL_Driver/Inc/Legacy" -I"/home/ariolis/upsat-eps-software/epsSubsystemWorkspace/epsSubsystem/Drivers/CMSIS/Include" -I"/home/ariolis/upsat-eps-software/epsSubsystemWorkspace/epsSubsystem/Drivers/CMSIS/Device/ST/STM32L1xx/Include"  -O0 -g3 -Wall -fmessage-length=0 -ffunction-sections -c -fmessage-length=0 -MMD -MP -MF"Src/eps_state.d" -MT"Src/eps_state.o" -o "Src/eps_state.o" "../Src/eps_state.c"
../Src/eps_state.c: In function 'get_batterypack_temperature':
../Src/eps_state.c:109:11: warning: variable 'device_power_mode' set but not used [-Wunused-but-set-variable]
   uint8_t device_power_mode = read_device_status(h_i2c, sensor_A_i2c_address);
           ^
../Src/eps_state.c:102:16: warning: variable 'status' set but not used [-Wunused-but-set-variable]
   TC_74_STATUS status = DEVICE_ERROR;
                ^
Finished building: ../Src/eps_state.c
 
Building target: epsSubsystem.elf
Invoking: MCU GCC Linker
arm-none-eabi-gcc -mcpu=cortex-m3 -mthumb -mfloat-abi=soft -specs=nosys.specs -specs=nano.specs -T"../STM32L152RBTx_FLASH.ld" -Wl,-Map=output.map -Wl,--gc-sections -lm -o "epsSubsystem.elf" @"objects.list"  
Finished building target: epsSubsystem.elf
 
make --no-print-directory post-build
Generating binary and Printing size information:
arm-none-eabi-objcopy -O binary "epsSubsystem.elf" "epsSubsystem.bin"
arm-none-eabi-size "epsSubsystem.elf"
   text	   data	    bss	    dec	    hex	filename
  25204	     16	   2456	  27676	   6c1c	epsSubsystem.elf
 
16:17:44 **** Incremental Build of configuration Debug for project epsSubsystem ****
make all 
Building file: ../Src/eps_state.c
Invoking: MCU GCC Compiler
/home/ariolis/upsat-eps-software/epsSubsystemWorkspace/epsSubsystem/Debug
arm-none-eabi-gcc -mcpu=cortex-m3 -mthumb -mfloat-abi=soft -D__weak="__attribute__((weak))" -D__packed="__attribute__((__packed__))" -DUSE_HAL_DRIVER -DSTM32L152xB -I"/home/ariolis/upsat-eps-software/epsSubsystemWorkspace/epsSubsystem/Inc" -I"/home/ariolis/upsat-eps-software/epsSubsystemWorkspace/epsSubsystem/Drivers/STM32L1xx_HAL_Driver/Inc" -I"/home/ariolis/upsat-eps-software/epsSubsystemWorkspace/epsSubsystem/Drivers/STM32L1xx_HAL_Driver/Inc/Legacy" -I"/home/ariolis/upsat-eps-software/epsSubsystemWorkspace/epsSubsystem/Drivers/CMSIS/Include" -I"/home/ariolis/upsat-eps-software/epsSubsystemWorkspace/epsSubsystem/Drivers/CMSIS/Device/ST/STM32L1xx/Include"  -O0 -g3 -Wall -fmessage-length=0 -ffunction-sections -c -fmessage-length=0 -MMD -MP -MF"Src/eps_state.d" -MT"Src/eps_state.o" -o "Src/eps_state.o" "../Src/eps_state.c"
../Src/eps_state.c: In function 'get_batterypack_temperature':
../Src/eps_state.c:109:11: warning: variable 'device_power_mode' set but not used [-Wunused-but-set-variable]
   uint8_t device_power_mode = read_device_status(h_i2c, sensor_A_i2c_address);
           ^
../Src/eps_state.c:102:16: warning: variable 'status' set but not used [-Wunused-but-set-variable]
   TC_74_STATUS status = DEVICE_ERROR;
                ^
Finished building: ../Src/eps_state.c
 
Building target: epsSubsystem.elf
Invoking: MCU GCC Linker
arm-none-eabi-gcc -mcpu=cortex-m3 -mthumb -mfloat-abi=soft -specs=nosys.specs -specs=nano.specs -T"../STM32L152RBTx_FLASH.ld" -Wl,-Map=output.map -Wl,--gc-sections -lm -o "epsSubsystem.elf" @"objects.list"  
Finished building target: epsSubsystem.elf
 
make --no-print-directory post-build
Generating binary and Printing size information:
arm-none-eabi-objcopy -O binary "epsSubsystem.elf" "epsSubsystem.bin"
arm-none-eabi-size "epsSubsystem.elf"
   text	   data	    bss	    dec	    hex	filename
  25204	     16	   2456	  27676	   6c1c	epsSubsystem.elf
 
17:14:10 **** Incremental Build of configuration Debug for project epsSubsystem ****
make all 
Building file: ../Src/eps_state.c
Invoking: MCU GCC Compiler
/home/ariolis/upsat-eps-software/epsSubsystemWorkspace/epsSubsystem/Debug
arm-none-eabi-gcc -mcpu=cortex-m3 -mthumb -mfloat-abi=soft -D__weak="__attribute__((weak))" -D__packed="__attribute__((__packed__))" -DUSE_HAL_DRIVER -DSTM32L152xB -I"/home/ariolis/upsat-eps-software/epsSubsystemWorkspace/epsSubsystem/Inc" -I"/home/ariolis/upsat-eps-software/epsSubsystemWorkspace/epsSubsystem/Drivers/STM32L1xx_HAL_Driver/Inc" -I"/home/ariolis/upsat-eps-software/epsSubsystemWorkspace/epsSubsystem/Drivers/STM32L1xx_HAL_Driver/Inc/Legacy" -I"/home/ariolis/upsat-eps-software/epsSubsystemWorkspace/epsSubsystem/Drivers/CMSIS/Include" -I"/home/ariolis/upsat-eps-software/epsSubsystemWorkspace/epsSubsystem/Drivers/CMSIS/Device/ST/STM32L1xx/Include"  -O0 -g3 -Wall -fmessage-length=0 -ffunction-sections -c -fmessage-length=0 -MMD -MP -MF"Src/eps_state.d" -MT"Src/eps_state.o" -o "Src/eps_state.o" "../Src/eps_state.c"
../Src/eps_state.c: In function 'get_batterypack_temperature':
../Src/eps_state.c:109:11: warning: variable 'device_power_mode' set but not used [-Wunused-but-set-variable]
   uint8_t device_power_mode = read_device_status(h_i2c, sensor_A_i2c_address);
           ^
../Src/eps_state.c:102:16: warning: variable 'status' set but not used [-Wunused-but-set-variable]
   TC_74_STATUS status = DEVICE_ERROR;
                ^
../Src/eps_state.c: At top level:
../Src/eps_state.c:222:6: error: conflicting types for 'EPS_set_control_switch'
 void EPS_set_control_switch(EPS_switch_control eps_switch, EPS_switch_control_status switch_status,EPS_State *state){
      ^
In file included from ../Src/eps_state.c:8:0:
/home/ariolis/upsat-eps-software/epsSubsystemWorkspace/epsSubsystem/Inc/eps_state.h:93:6: note: previous declaration of 'EPS_set_control_switch' was here
 void EPS_set_control_switch(EPS_switch_control eps_switch, EPS_switch_rail_status switch_status, EPS_State *state);
      ^
make: *** [Src/eps_state.o] Error 1
17:14:58 **** Incremental Build of configuration Debug for project epsSubsystem ****
make all 
Building file: ../Src/eps_state.c
Invoking: MCU GCC Compiler
/home/ariolis/upsat-eps-software/epsSubsystemWorkspace/epsSubsystem/Debug
arm-none-eabi-gcc -mcpu=cortex-m3 -mthumb -mfloat-abi=soft -D__weak="__attribute__((weak))" -D__packed="__attribute__((__packed__))" -DUSE_HAL_DRIVER -DSTM32L152xB -I"/home/ariolis/upsat-eps-software/epsSubsystemWorkspace/epsSubsystem/Inc" -I"/home/ariolis/upsat-eps-software/epsSubsystemWorkspace/epsSubsystem/Drivers/STM32L1xx_HAL_Driver/Inc" -I"/home/ariolis/upsat-eps-software/epsSubsystemWorkspace/epsSubsystem/Drivers/STM32L1xx_HAL_Driver/Inc/Legacy" -I"/home/ariolis/upsat-eps-software/epsSubsystemWorkspace/epsSubsystem/Drivers/CMSIS/Include" -I"/home/ariolis/upsat-eps-software/epsSubsystemWorkspace/epsSubsystem/Drivers/CMSIS/Device/ST/STM32L1xx/Include"  -O0 -g3 -Wall -fmessage-length=0 -ffunction-sections -c -fmessage-length=0 -MMD -MP -MF"Src/eps_state.d" -MT"Src/eps_state.o" -o "Src/eps_state.o" "../Src/eps_state.c"
../Src/eps_state.c: In function 'get_batterypack_temperature':
../Src/eps_state.c:109:11: warning: variable 'device_power_mode' set but not used [-Wunused-but-set-variable]
   uint8_t device_power_mode = read_device_status(h_i2c, sensor_A_i2c_address);
           ^
../Src/eps_state.c:102:16: warning: variable 'status' set but not used [-Wunused-but-set-variable]
   TC_74_STATUS status = DEVICE_ERROR;
                ^
Finished building: ../Src/eps_state.c
 
Building file: ../Src/main.c
Invoking: MCU GCC Compiler
/home/ariolis/upsat-eps-software/epsSubsystemWorkspace/epsSubsystem/Debug
arm-none-eabi-gcc -mcpu=cortex-m3 -mthumb -mfloat-abi=soft -D__weak="__attribute__((weak))" -D__packed="__attribute__((__packed__))" -DUSE_HAL_DRIVER -DSTM32L152xB -I"/home/ariolis/upsat-eps-software/epsSubsystemWorkspace/epsSubsystem/Inc" -I"/home/ariolis/upsat-eps-software/epsSubsystemWorkspace/epsSubsystem/Drivers/STM32L1xx_HAL_Driver/Inc" -I"/home/ariolis/upsat-eps-software/epsSubsystemWorkspace/epsSubsystem/Drivers/STM32L1xx_HAL_Driver/Inc/Legacy" -I"/home/ariolis/upsat-eps-software/epsSubsystemWorkspace/epsSubsystem/Drivers/CMSIS/Include" -I"/home/ariolis/upsat-eps-software/epsSubsystemWorkspace/epsSubsystem/Drivers/CMSIS/Device/ST/STM32L1xx/Include"  -O0 -g3 -Wall -fmessage-length=0 -ffunction-sections -c -fmessage-length=0 -MMD -MP -MF"Src/main.d" -MT"Src/main.o" -o "Src/main.o" "../Src/main.c"
../Src/main.c: In function 'main':
../Src/main.c:149:10: warning: pointer targets in passing argument 1 of 'sprintf' differ in signedness [-Wpointer-sign]
  sprintf(uart_output_buffer, "UART test ...\n");
          ^
In file included from /home/ariolis/Ac6/SystemWorkbench/plugins/fr.ac6.mcu.externaltools.arm-none.linux64_1.7.0.201602291252/tools/compiler/arm-none-eabi/include/stdio.h:29:0,
                 from /home/ariolis/upsat-eps-software/epsSubsystemWorkspace/epsSubsystem/Drivers/STM32L1xx_HAL_Driver/Inc/stm32l1xx_hal_def.h:50,
                 from /home/ariolis/upsat-eps-software/epsSubsystemWorkspace/epsSubsystem/Drivers/STM32L1xx_HAL_Driver/Inc/stm32l1xx_hal_rcc.h:47,
                 from /home/ariolis/upsat-eps-software/epsSubsystemWorkspace/epsSubsystem/Inc/stm32l1xx_hal_conf.h:153,
                 from /home/ariolis/upsat-eps-software/epsSubsystemWorkspace/epsSubsystem/Drivers/STM32L1xx_HAL_Driver/Inc/stm32l1xx_hal.h:48,
                 from ../Src/main.c:34:
/home/ariolis/Ac6/SystemWorkbench/plugins/fr.ac6.mcu.externaltools.arm-none.linux64_1.7.0.201602291252/tools/compiler/arm-none-eabi/include/stdio.h:225:5: note: expected 'char * restrict' but argument is of type 'uint8_t * {aka unsigned char *}'
 int _EXFUN(sprintf, (char *__restrict, const char *__restrict, ...)
     ^
Finished building: ../Src/main.c
 
Building target: epsSubsystem.elf
Invoking: MCU GCC Linker
arm-none-eabi-gcc -mcpu=cortex-m3 -mthumb -mfloat-abi=soft -specs=nosys.specs -specs=nano.specs -T"../STM32L152RBTx_FLASH.ld" -Wl,-Map=output.map -Wl,--gc-sections -lm -o "epsSubsystem.elf" @"objects.list"  
Finished building target: epsSubsystem.elf
 
make --no-print-directory post-build
Generating binary and Printing size information:
arm-none-eabi-objcopy -O binary "epsSubsystem.elf" "epsSubsystem.bin"
arm-none-eabi-size "epsSubsystem.elf"
   text	   data	    bss	    dec	    hex	filename
  25212	     16	   2456	  27684	   6c24	epsSubsystem.elf
 
17:49:59 **** Incremental Build of configuration Debug for project epsSubsystem ****
make all 
Building file: ../Src/eps_state.c
Invoking: MCU GCC Compiler
/home/ariolis/upsat-eps-software/epsSubsystemWorkspace/epsSubsystem/Debug
arm-none-eabi-gcc -mcpu=cortex-m3 -mthumb -mfloat-abi=soft -D__weak="__attribute__((weak))" -D__packed="__attribute__((__packed__))" -DUSE_HAL_DRIVER -DSTM32L152xB -I"/home/ariolis/upsat-eps-software/epsSubsystemWorkspace/epsSubsystem/Inc" -I"/home/ariolis/upsat-eps-software/epsSubsystemWorkspace/epsSubsystem/Drivers/STM32L1xx_HAL_Driver/Inc" -I"/home/ariolis/upsat-eps-software/epsSubsystemWorkspace/epsSubsystem/Drivers/STM32L1xx_HAL_Driver/Inc/Legacy" -I"/home/ariolis/upsat-eps-software/epsSubsystemWorkspace/epsSubsystem/Drivers/CMSIS/Include" -I"/home/ariolis/upsat-eps-software/epsSubsystemWorkspace/epsSubsystem/Drivers/CMSIS/Device/ST/STM32L1xx/Include"  -O0 -g3 -Wall -fmessage-length=0 -ffunction-sections -c -fmessage-length=0 -MMD -MP -MF"Src/eps_state.d" -MT"Src/eps_state.o" -o "Src/eps_state.o" "../Src/eps_state.c"
../Src/eps_state.c: In function 'get_batterypack_temperature':
../Src/eps_state.c:125:11: warning: variable 'device_power_mode' set but not used [-Wunused-but-set-variable]
   uint8_t device_power_mode = read_device_status(h_i2c, sensor_A_i2c_address);
           ^
../Src/eps_state.c:118:16: warning: variable 'status' set but not used [-Wunused-but-set-variable]
   TC_74_STATUS status = DEVICE_ERROR;
                ^
Finished building: ../Src/eps_state.c
 
Building target: epsSubsystem.elf
Invoking: MCU GCC Linker
arm-none-eabi-gcc -mcpu=cortex-m3 -mthumb -mfloat-abi=soft -specs=nosys.specs -specs=nano.specs -T"../STM32L152RBTx_FLASH.ld" -Wl,-Map=output.map -Wl,--gc-sections -lm -o "epsSubsystem.elf" @"objects.list"  
Finished building target: epsSubsystem.elf
 
make --no-print-directory post-build
Generating binary and Printing size information:
arm-none-eabi-objcopy -O binary "epsSubsystem.elf" "epsSubsystem.bin"
arm-none-eabi-size "epsSubsystem.elf"
   text	   data	    bss	    dec	    hex	filename
  25752	     16	   2456	  28224	   6e40	epsSubsystem.elf
 
17:50:27 **** Incremental Build of configuration Debug for project epsSubsystem ****
make all 
Building file: ../Src/eps_state.c
Invoking: MCU GCC Compiler
/home/ariolis/upsat-eps-software/epsSubsystemWorkspace/epsSubsystem/Debug
arm-none-eabi-gcc -mcpu=cortex-m3 -mthumb -mfloat-abi=soft -D__weak="__attribute__((weak))" -D__packed="__attribute__((__packed__))" -DUSE_HAL_DRIVER -DSTM32L152xB -I"/home/ariolis/upsat-eps-software/epsSubsystemWorkspace/epsSubsystem/Inc" -I"/home/ariolis/upsat-eps-software/epsSubsystemWorkspace/epsSubsystem/Drivers/STM32L1xx_HAL_Driver/Inc" -I"/home/ariolis/upsat-eps-software/epsSubsystemWorkspace/epsSubsystem/Drivers/STM32L1xx_HAL_Driver/Inc/Legacy" -I"/home/ariolis/upsat-eps-software/epsSubsystemWorkspace/epsSubsystem/Drivers/CMSIS/Include" -I"/home/ariolis/upsat-eps-software/epsSubsystemWorkspace/epsSubsystem/Drivers/CMSIS/Device/ST/STM32L1xx/Include"  -O0 -g3 -Wall -fmessage-length=0 -ffunction-sections -c -fmessage-length=0 -MMD -MP -MF"Src/eps_state.d" -MT"Src/eps_state.o" -o "Src/eps_state.o" "../Src/eps_state.c"
../Src/eps_state.c: In function 'get_batterypack_temperature':
../Src/eps_state.c:120:11: warning: variable 'device_power_mode' set but not used [-Wunused-but-set-variable]
   uint8_t device_power_mode = read_device_status(h_i2c, sensor_A_i2c_address);
           ^
../Src/eps_state.c:113:16: warning: variable 'status' set but not used [-Wunused-but-set-variable]
   TC_74_STATUS status = DEVICE_ERROR;
                ^
Finished building: ../Src/eps_state.c
 
Building target: epsSubsystem.elf
Invoking: MCU GCC Linker
arm-none-eabi-gcc -mcpu=cortex-m3 -mthumb -mfloat-abi=soft -specs=nosys.specs -specs=nano.specs -T"../STM32L152RBTx_FLASH.ld" -Wl,-Map=output.map -Wl,--gc-sections -lm -o "epsSubsystem.elf" @"objects.list"  
Finished building target: epsSubsystem.elf
 
make --no-print-directory post-build
Generating binary and Printing size information:
arm-none-eabi-objcopy -O binary "epsSubsystem.elf" "epsSubsystem.bin"
arm-none-eabi-size "epsSubsystem.elf"
   text	   data	    bss	    dec	    hex	filename
  25752	     16	   2456	  28224	   6e40	epsSubsystem.elf
 
18:35:11 **** Incremental Build of configuration Debug for project epsSubsystem ****
make all 
Building file: ../Src/eps_state.c
Invoking: MCU GCC Compiler
/home/ariolis/upsat-eps-software/epsSubsystemWorkspace/epsSubsystem/Debug
arm-none-eabi-gcc -mcpu=cortex-m3 -mthumb -mfloat-abi=soft -D__weak="__attribute__((weak))" -D__packed="__attribute__((__packed__))" -DUSE_HAL_DRIVER -DSTM32L152xB -I"/home/ariolis/upsat-eps-software/epsSubsystemWorkspace/epsSubsystem/Inc" -I"/home/ariolis/upsat-eps-software/epsSubsystemWorkspace/epsSubsystem/Drivers/STM32L1xx_HAL_Driver/Inc" -I"/home/ariolis/upsat-eps-software/epsSubsystemWorkspace/epsSubsystem/Drivers/STM32L1xx_HAL_Driver/Inc/Legacy" -I"/home/ariolis/upsat-eps-software/epsSubsystemWorkspace/epsSubsystem/Drivers/CMSIS/Include" -I"/home/ariolis/upsat-eps-software/epsSubsystemWorkspace/epsSubsystem/Drivers/CMSIS/Device/ST/STM32L1xx/Include"  -O0 -g3 -Wall -fmessage-length=0 -ffunction-sections -c -fmessage-length=0 -MMD -MP -MF"Src/eps_state.d" -MT"Src/eps_state.o" -o "Src/eps_state.o" "../Src/eps_state.c"
../Src/eps_state.c: In function 'get_batterypack_temperature':
../Src/eps_state.c:120:11: warning: variable 'device_power_mode' set but not used [-Wunused-but-set-variable]
   uint8_t device_power_mode = read_device_status(h_i2c, sensor_A_i2c_address);
           ^
../Src/eps_state.c:113:16: warning: variable 'status' set but not used [-Wunused-but-set-variable]
   TC_74_STATUS status = DEVICE_ERROR;
                ^
Finished building: ../Src/eps_state.c
 
Building file: ../Src/main.c
Invoking: MCU GCC Compiler
/home/ariolis/upsat-eps-software/epsSubsystemWorkspace/epsSubsystem/Debug
arm-none-eabi-gcc -mcpu=cortex-m3 -mthumb -mfloat-abi=soft -D__weak="__attribute__((weak))" -D__packed="__attribute__((__packed__))" -DUSE_HAL_DRIVER -DSTM32L152xB -I"/home/ariolis/upsat-eps-software/epsSubsystemWorkspace/epsSubsystem/Inc" -I"/home/ariolis/upsat-eps-software/epsSubsystemWorkspace/epsSubsystem/Drivers/STM32L1xx_HAL_Driver/Inc" -I"/home/ariolis/upsat-eps-software/epsSubsystemWorkspace/epsSubsystem/Drivers/STM32L1xx_HAL_Driver/Inc/Legacy" -I"/home/ariolis/upsat-eps-software/epsSubsystemWorkspace/epsSubsystem/Drivers/CMSIS/Include" -I"/home/ariolis/upsat-eps-software/epsSubsystemWorkspace/epsSubsystem/Drivers/CMSIS/Device/ST/STM32L1xx/Include"  -O0 -g3 -Wall -fmessage-length=0 -ffunction-sections -c -fmessage-length=0 -MMD -MP -MF"Src/main.d" -MT"Src/main.o" -o "Src/main.o" "../Src/main.c"
../Src/main.c: In function 'main':
../Src/main.c:149:10: warning: pointer targets in passing argument 1 of 'sprintf' differ in signedness [-Wpointer-sign]
  sprintf(uart_output_buffer, "UART test ...\n");
          ^
In file included from /home/ariolis/Ac6/SystemWorkbench/plugins/fr.ac6.mcu.externaltools.arm-none.linux64_1.7.0.201602291252/tools/compiler/arm-none-eabi/include/stdio.h:29:0,
                 from /home/ariolis/upsat-eps-software/epsSubsystemWorkspace/epsSubsystem/Drivers/STM32L1xx_HAL_Driver/Inc/stm32l1xx_hal_def.h:50,
                 from /home/ariolis/upsat-eps-software/epsSubsystemWorkspace/epsSubsystem/Drivers/STM32L1xx_HAL_Driver/Inc/stm32l1xx_hal_rcc.h:47,
                 from /home/ariolis/upsat-eps-software/epsSubsystemWorkspace/epsSubsystem/Inc/stm32l1xx_hal_conf.h:153,
                 from /home/ariolis/upsat-eps-software/epsSubsystemWorkspace/epsSubsystem/Drivers/STM32L1xx_HAL_Driver/Inc/stm32l1xx_hal.h:48,
                 from ../Src/main.c:34:
/home/ariolis/Ac6/SystemWorkbench/plugins/fr.ac6.mcu.externaltools.arm-none.linux64_1.7.0.201602291252/tools/compiler/arm-none-eabi/include/stdio.h:225:5: note: expected 'char * restrict' but argument is of type 'uint8_t * {aka unsigned char *}'
 int _EXFUN(sprintf, (char *__restrict, const char *__restrict, ...)
     ^
Finished building: ../Src/main.c
 
Building file: ../Src/tc74_temp_sensor.c
Invoking: MCU GCC Compiler
/home/ariolis/upsat-eps-software/epsSubsystemWorkspace/epsSubsystem/Debug
arm-none-eabi-gcc -mcpu=cortex-m3 -mthumb -mfloat-abi=soft -D__weak="__attribute__((weak))" -D__packed="__attribute__((__packed__))" -DUSE_HAL_DRIVER -DSTM32L152xB -I"/home/ariolis/upsat-eps-software/epsSubsystemWorkspace/epsSubsystem/Inc" -I"/home/ariolis/upsat-eps-software/epsSubsystemWorkspace/epsSubsystem/Drivers/STM32L1xx_HAL_Driver/Inc" -I"/home/ariolis/upsat-eps-software/epsSubsystemWorkspace/epsSubsystem/Drivers/STM32L1xx_HAL_Driver/Inc/Legacy" -I"/home/ariolis/upsat-eps-software/epsSubsystemWorkspace/epsSubsystem/Drivers/CMSIS/Include" -I"/home/ariolis/upsat-eps-software/epsSubsystemWorkspace/epsSubsystem/Drivers/CMSIS/Device/ST/STM32L1xx/Include"  -O0 -g3 -Wall -fmessage-length=0 -ffunction-sections -c -fmessage-length=0 -MMD -MP -MF"Src/tc74_temp_sensor.d" -MT"Src/tc74_temp_sensor.o" -o "Src/tc74_temp_sensor.o" "../Src/tc74_temp_sensor.c"
../Src/tc74_temp_sensor.c:4:10: error: conflicting types for 'read_device_temperature'
  uint8_t read_device_temperature(I2C_HandleTypeDef *h_i2c, uint8_t device_i2c_address, uint8_t *receive_word ) {
          ^
In file included from ../Src/tc74_temp_sensor.c:1:0:
/home/ariolis/upsat-eps-software/epsSubsystemWorkspace/epsSubsystem/Inc/tc74_temp_sensor.h:31:14: note: previous declaration of 'read_device_temperature' was here
 TC_74_STATUS read_device_temperature(I2C_HandleTypeDef *h_i2c, uint8_t device_i2c_address);
              ^
make: *** [Src/tc74_temp_sensor.o] Error 1
18:35:33 **** Incremental Build of configuration Debug for project epsSubsystem ****
make all 
Building file: ../Src/tc74_temp_sensor.c
Invoking: MCU GCC Compiler
/home/ariolis/upsat-eps-software/epsSubsystemWorkspace/epsSubsystem/Debug
arm-none-eabi-gcc -mcpu=cortex-m3 -mthumb -mfloat-abi=soft -D__weak="__attribute__((weak))" -D__packed="__attribute__((__packed__))" -DUSE_HAL_DRIVER -DSTM32L152xB -I"/home/ariolis/upsat-eps-software/epsSubsystemWorkspace/epsSubsystem/Inc" -I"/home/ariolis/upsat-eps-software/epsSubsystemWorkspace/epsSubsystem/Drivers/STM32L1xx_HAL_Driver/Inc" -I"/home/ariolis/upsat-eps-software/epsSubsystemWorkspace/epsSubsystem/Drivers/STM32L1xx_HAL_Driver/Inc/Legacy" -I"/home/ariolis/upsat-eps-software/epsSubsystemWorkspace/epsSubsystem/Drivers/CMSIS/Include" -I"/home/ariolis/upsat-eps-software/epsSubsystemWorkspace/epsSubsystem/Drivers/CMSIS/Device/ST/STM32L1xx/Include"  -O0 -g3 -Wall -fmessage-length=0 -ffunction-sections -c -fmessage-length=0 -MMD -MP -MF"Src/tc74_temp_sensor.d" -MT"Src/tc74_temp_sensor.o" -o "Src/tc74_temp_sensor.o" "../Src/tc74_temp_sensor.c"
../Src/tc74_temp_sensor.c:4:15: error: conflicting types for 'read_device_temperature'
  TC_74_STATUS read_device_temperature(I2C_HandleTypeDef *h_i2c, uint8_t device_i2c_address, uint8_t *receive_word ) {
               ^
In file included from ../Src/tc74_temp_sensor.c:1:0:
/home/ariolis/upsat-eps-software/epsSubsystemWorkspace/epsSubsystem/Inc/tc74_temp_sensor.h:31:14: note: previous declaration of 'read_device_temperature' was here
 TC_74_STATUS read_device_temperature(I2C_HandleTypeDef *h_i2c, uint8_t device_i2c_address);
              ^
make: *** [Src/tc74_temp_sensor.o] Error 1
18:36:12 **** Incremental Build of configuration Debug for project epsSubsystem ****
make all 
Building file: ../Src/eps_state.c
Invoking: MCU GCC Compiler
/home/ariolis/upsat-eps-software/epsSubsystemWorkspace/epsSubsystem/Debug
arm-none-eabi-gcc -mcpu=cortex-m3 -mthumb -mfloat-abi=soft -D__weak="__attribute__((weak))" -D__packed="__attribute__((__packed__))" -DUSE_HAL_DRIVER -DSTM32L152xB -I"/home/ariolis/upsat-eps-software/epsSubsystemWorkspace/epsSubsystem/Inc" -I"/home/ariolis/upsat-eps-software/epsSubsystemWorkspace/epsSubsystem/Drivers/STM32L1xx_HAL_Driver/Inc" -I"/home/ariolis/upsat-eps-software/epsSubsystemWorkspace/epsSubsystem/Drivers/STM32L1xx_HAL_Driver/Inc/Legacy" -I"/home/ariolis/upsat-eps-software/epsSubsystemWorkspace/epsSubsystem/Drivers/CMSIS/Include" -I"/home/ariolis/upsat-eps-software/epsSubsystemWorkspace/epsSubsystem/Drivers/CMSIS/Device/ST/STM32L1xx/Include"  -O0 -g3 -Wall -fmessage-length=0 -ffunction-sections -c -fmessage-length=0 -MMD -MP -MF"Src/eps_state.d" -MT"Src/eps_state.o" -o "Src/eps_state.o" "../Src/eps_state.c"
../Src/eps_state.c: In function 'get_batterypack_temperature':
../Src/eps_state.c:127:37: error: too few arguments to function 'read_device_temperature'
   int8_t temperature_measurementA = read_device_temperature(h_i2c, sensor_A_i2c_address);
                                     ^
In file included from /home/ariolis/upsat-eps-software/epsSubsystemWorkspace/epsSubsystem/Inc/eps_state.h:13:0,
                 from ../Src/eps_state.c:8:
/home/ariolis/upsat-eps-software/epsSubsystemWorkspace/epsSubsystem/Inc/tc74_temp_sensor.h:31:14: note: declared here
 TC_74_STATUS read_device_temperature(I2C_HandleTypeDef *h_i2c, uint8_t device_i2c_address, uint8_t *receive_word );
              ^
../Src/eps_state.c:129:37: error: too few arguments to function 'read_device_temperature'
   int8_t temperature_measurementB = read_device_temperature(h_i2c, sensor_B_i2c_address);
                                     ^
In file included from /home/ariolis/upsat-eps-software/epsSubsystemWorkspace/epsSubsystem/Inc/eps_state.h:13:0,
                 from ../Src/eps_state.c:8:
/home/ariolis/upsat-eps-software/epsSubsystemWorkspace/epsSubsystem/Inc/tc74_temp_sensor.h:31:14: note: declared here
 TC_74_STATUS read_device_temperature(I2C_HandleTypeDef *h_i2c, uint8_t device_i2c_address, uint8_t *receive_word );
              ^
../Src/eps_state.c:120:11: warning: variable 'device_power_mode' set but not used [-Wunused-but-set-variable]
   uint8_t device_power_mode = read_device_status(h_i2c, sensor_A_i2c_address);
           ^
../Src/eps_state.c:113:16: warning: variable 'status' set but not used [-Wunused-but-set-variable]
   TC_74_STATUS status = DEVICE_ERROR;
                ^
make: *** [Src/eps_state.o] Error 1
18:38:38 **** Incremental Build of configuration Debug for project epsSubsystem ****
make all 
Building file: ../Src/eps_state.c
Invoking: MCU GCC Compiler
/home/ariolis/upsat-eps-software/epsSubsystemWorkspace/epsSubsystem/Debug
arm-none-eabi-gcc -mcpu=cortex-m3 -mthumb -mfloat-abi=soft -D__weak="__attribute__((weak))" -D__packed="__attribute__((__packed__))" -DUSE_HAL_DRIVER -DSTM32L152xB -I"/home/ariolis/upsat-eps-software/epsSubsystemWorkspace/epsSubsystem/Inc" -I"/home/ariolis/upsat-eps-software/epsSubsystemWorkspace/epsSubsystem/Drivers/STM32L1xx_HAL_Driver/Inc" -I"/home/ariolis/upsat-eps-software/epsSubsystemWorkspace/epsSubsystem/Drivers/STM32L1xx_HAL_Driver/Inc/Legacy" -I"/home/ariolis/upsat-eps-software/epsSubsystemWorkspace/epsSubsystem/Drivers/CMSIS/Include" -I"/home/ariolis/upsat-eps-software/epsSubsystemWorkspace/epsSubsystem/Drivers/CMSIS/Device/ST/STM32L1xx/Include"  -O0 -g3 -Wall -fmessage-length=0 -ffunction-sections -c -fmessage-length=0 -MMD -MP -MF"Src/eps_state.d" -MT"Src/eps_state.o" -o "Src/eps_state.o" "../Src/eps_state.c"
../Src/eps_state.c: In function 'get_batterypack_temperature':
../Src/eps_state.c:128:65: error: invalid type argument of unary '*' (have 'int')
   statusA= read_device_temperature(h_i2c, sensor_A_i2c_address, *temperature_measurementA);
                                                                 ^
../Src/eps_state.c:131:65: error: invalid type argument of unary '*' (have 'int')
   statusB= read_device_temperature(h_i2c, sensor_B_i2c_address, *temperature_measurementB);
                                                                 ^
../Src/eps_state.c:113:25: warning: variable 'statusB' set but not used [-Wunused-but-set-variable]
   TC_74_STATUS statusA, statusB;
                         ^
../Src/eps_state.c:113:16: warning: variable 'statusA' set but not used [-Wunused-but-set-variable]
   TC_74_STATUS statusA, statusB;
                ^
make: *** [Src/eps_state.o] Error 1
18:39:24 **** Incremental Build of configuration Debug for project epsSubsystem ****
make all 
Building file: ../Src/eps_state.c
Invoking: MCU GCC Compiler
/home/ariolis/upsat-eps-software/epsSubsystemWorkspace/epsSubsystem/Debug
arm-none-eabi-gcc -mcpu=cortex-m3 -mthumb -mfloat-abi=soft -D__weak="__attribute__((weak))" -D__packed="__attribute__((__packed__))" -DUSE_HAL_DRIVER -DSTM32L152xB -I"/home/ariolis/upsat-eps-software/epsSubsystemWorkspace/epsSubsystem/Inc" -I"/home/ariolis/upsat-eps-software/epsSubsystemWorkspace/epsSubsystem/Drivers/STM32L1xx_HAL_Driver/Inc" -I"/home/ariolis/upsat-eps-software/epsSubsystemWorkspace/epsSubsystem/Drivers/STM32L1xx_HAL_Driver/Inc/Legacy" -I"/home/ariolis/upsat-eps-software/epsSubsystemWorkspace/epsSubsystem/Drivers/CMSIS/Include" -I"/home/ariolis/upsat-eps-software/epsSubsystemWorkspace/epsSubsystem/Drivers/CMSIS/Device/ST/STM32L1xx/Include"  -O0 -g3 -Wall -fmessage-length=0 -ffunction-sections -c -fmessage-length=0 -MMD -MP -MF"Src/eps_state.d" -MT"Src/eps_state.o" -o "Src/eps_state.o" "../Src/eps_state.c"
../Src/eps_state.c: In function 'get_batterypack_temperature':
../Src/eps_state.c:128:65: warning: pointer targets in passing argument 3 of 'read_device_temperature' differ in signedness [-Wpointer-sign]
   statusA= read_device_temperature(h_i2c, sensor_A_i2c_address, &temperature_measurementA);
                                                                 ^
In file included from /home/ariolis/upsat-eps-software/epsSubsystemWorkspace/epsSubsystem/Inc/eps_state.h:13:0,
                 from ../Src/eps_state.c:8:
/home/ariolis/upsat-eps-software/epsSubsystemWorkspace/epsSubsystem/Inc/tc74_temp_sensor.h:31:14: note: expected 'uint8_t * {aka unsigned char *}' but argument is of type 'int8_t * {aka signed char *}'
 TC_74_STATUS read_device_temperature(I2C_HandleTypeDef *h_i2c, uint8_t device_i2c_address, uint8_t *receive_word );
              ^
../Src/eps_state.c:131:65: warning: pointer targets in passing argument 3 of 'read_device_temperature' differ in signedness [-Wpointer-sign]
   statusB= read_device_temperature(h_i2c, sensor_B_i2c_address, &temperature_measurementB);
                                                                 ^
In file included from /home/ariolis/upsat-eps-software/epsSubsystemWorkspace/epsSubsystem/Inc/eps_state.h:13:0,
                 from ../Src/eps_state.c:8:
/home/ariolis/upsat-eps-software/epsSubsystemWorkspace/epsSubsystem/Inc/tc74_temp_sensor.h:31:14: note: expected 'uint8_t * {aka unsigned char *}' but argument is of type 'int8_t * {aka signed char *}'
 TC_74_STATUS read_device_temperature(I2C_HandleTypeDef *h_i2c, uint8_t device_i2c_address, uint8_t *receive_word );
              ^
../Src/eps_state.c:113:25: warning: variable 'statusB' set but not used [-Wunused-but-set-variable]
   TC_74_STATUS statusA, statusB;
                         ^
../Src/eps_state.c:113:16: warning: variable 'statusA' set but not used [-Wunused-but-set-variable]
   TC_74_STATUS statusA, statusB;
                ^
Finished building: ../Src/eps_state.c
 
Building file: ../Src/main.c
Invoking: MCU GCC Compiler
/home/ariolis/upsat-eps-software/epsSubsystemWorkspace/epsSubsystem/Debug
arm-none-eabi-gcc -mcpu=cortex-m3 -mthumb -mfloat-abi=soft -D__weak="__attribute__((weak))" -D__packed="__attribute__((__packed__))" -DUSE_HAL_DRIVER -DSTM32L152xB -I"/home/ariolis/upsat-eps-software/epsSubsystemWorkspace/epsSubsystem/Inc" -I"/home/ariolis/upsat-eps-software/epsSubsystemWorkspace/epsSubsystem/Drivers/STM32L1xx_HAL_Driver/Inc" -I"/home/ariolis/upsat-eps-software/epsSubsystemWorkspace/epsSubsystem/Drivers/STM32L1xx_HAL_Driver/Inc/Legacy" -I"/home/ariolis/upsat-eps-software/epsSubsystemWorkspace/epsSubsystem/Drivers/CMSIS/Include" -I"/home/ariolis/upsat-eps-software/epsSubsystemWorkspace/epsSubsystem/Drivers/CMSIS/Device/ST/STM32L1xx/Include"  -O0 -g3 -Wall -fmessage-length=0 -ffunction-sections -c -fmessage-length=0 -MMD -MP -MF"Src/main.d" -MT"Src/main.o" -o "Src/main.o" "../Src/main.c"
../Src/main.c: In function 'main':
../Src/main.c:149:10: warning: pointer targets in passing argument 1 of 'sprintf' differ in signedness [-Wpointer-sign]
  sprintf(uart_output_buffer, "UART test ...\n");
          ^
In file included from /home/ariolis/Ac6/SystemWorkbench/plugins/fr.ac6.mcu.externaltools.arm-none.linux64_1.7.0.201602291252/tools/compiler/arm-none-eabi/include/stdio.h:29:0,
                 from /home/ariolis/upsat-eps-software/epsSubsystemWorkspace/epsSubsystem/Drivers/STM32L1xx_HAL_Driver/Inc/stm32l1xx_hal_def.h:50,
                 from /home/ariolis/upsat-eps-software/epsSubsystemWorkspace/epsSubsystem/Drivers/STM32L1xx_HAL_Driver/Inc/stm32l1xx_hal_rcc.h:47,
                 from /home/ariolis/upsat-eps-software/epsSubsystemWorkspace/epsSubsystem/Inc/stm32l1xx_hal_conf.h:153,
                 from /home/ariolis/upsat-eps-software/epsSubsystemWorkspace/epsSubsystem/Drivers/STM32L1xx_HAL_Driver/Inc/stm32l1xx_hal.h:48,
                 from ../Src/main.c:34:
/home/ariolis/Ac6/SystemWorkbench/plugins/fr.ac6.mcu.externaltools.arm-none.linux64_1.7.0.201602291252/tools/compiler/arm-none-eabi/include/stdio.h:225:5: note: expected 'char * restrict' but argument is of type 'uint8_t * {aka unsigned char *}'
 int _EXFUN(sprintf, (char *__restrict, const char *__restrict, ...)
     ^
Finished building: ../Src/main.c
 
Building file: ../Src/tc74_temp_sensor.c
Invoking: MCU GCC Compiler
/home/ariolis/upsat-eps-software/epsSubsystemWorkspace/epsSubsystem/Debug
arm-none-eabi-gcc -mcpu=cortex-m3 -mthumb -mfloat-abi=soft -D__weak="__attribute__((weak))" -D__packed="__attribute__((__packed__))" -DUSE_HAL_DRIVER -DSTM32L152xB -I"/home/ariolis/upsat-eps-software/epsSubsystemWorkspace/epsSubsystem/Inc" -I"/home/ariolis/upsat-eps-software/epsSubsystemWorkspace/epsSubsystem/Drivers/STM32L1xx_HAL_Driver/Inc" -I"/home/ariolis/upsat-eps-software/epsSubsystemWorkspace/epsSubsystem/Drivers/STM32L1xx_HAL_Driver/Inc/Legacy" -I"/home/ariolis/upsat-eps-software/epsSubsystemWorkspace/epsSubsystem/Drivers/CMSIS/Include" -I"/home/ariolis/upsat-eps-software/epsSubsystemWorkspace/epsSubsystem/Drivers/CMSIS/Device/ST/STM32L1xx/Include"  -O0 -g3 -Wall -fmessage-length=0 -ffunction-sections -c -fmessage-length=0 -MMD -MP -MF"Src/tc74_temp_sensor.d" -MT"Src/tc74_temp_sensor.o" -o "Src/tc74_temp_sensor.o" "../Src/tc74_temp_sensor.c"
Finished building: ../Src/tc74_temp_sensor.c
 
Building target: epsSubsystem.elf
Invoking: MCU GCC Linker
arm-none-eabi-gcc -mcpu=cortex-m3 -mthumb -mfloat-abi=soft -specs=nosys.specs -specs=nano.specs -T"../STM32L152RBTx_FLASH.ld" -Wl,-Map=output.map -Wl,--gc-sections -lm -o "epsSubsystem.elf" @"objects.list"  
Finished building target: epsSubsystem.elf
 
make --no-print-directory post-build
Generating binary and Printing size information:
arm-none-eabi-objcopy -O binary "epsSubsystem.elf" "epsSubsystem.bin"
arm-none-eabi-size "epsSubsystem.elf"
   text	   data	    bss	    dec	    hex	filename
  25872	     16	   2456	  28344	   6eb8	epsSubsystem.elf
 
18:40:15 **** Incremental Build of configuration Debug for project epsSubsystem ****
make all 
Building file: ../Src/eps_state.c
Invoking: MCU GCC Compiler
/home/ariolis/upsat-eps-software/epsSubsystemWorkspace/epsSubsystem/Debug
arm-none-eabi-gcc -mcpu=cortex-m3 -mthumb -mfloat-abi=soft -D__weak="__attribute__((weak))" -D__packed="__attribute__((__packed__))" -DUSE_HAL_DRIVER -DSTM32L152xB -I"/home/ariolis/upsat-eps-software/epsSubsystemWorkspace/epsSubsystem/Inc" -I"/home/ariolis/upsat-eps-software/epsSubsystemWorkspace/epsSubsystem/Drivers/STM32L1xx_HAL_Driver/Inc" -I"/home/ariolis/upsat-eps-software/epsSubsystemWorkspace/epsSubsystem/Drivers/STM32L1xx_HAL_Driver/Inc/Legacy" -I"/home/ariolis/upsat-eps-software/epsSubsystemWorkspace/epsSubsystem/Drivers/CMSIS/Include" -I"/home/ariolis/upsat-eps-software/epsSubsystemWorkspace/epsSubsystem/Drivers/CMSIS/Device/ST/STM32L1xx/Include"  -O0 -g3 -Wall -fmessage-length=0 -ffunction-sections -c -fmessage-length=0 -MMD -MP -MF"Src/eps_state.d" -MT"Src/eps_state.o" -o "Src/eps_state.o" "../Src/eps_state.c"
../Src/eps_state.c: In function 'get_batterypack_temperature':
../Src/eps_state.c:128:65: warning: pointer targets in passing argument 3 of 'read_device_temperature' differ in signedness [-Wpointer-sign]
   statusA= read_device_temperature(h_i2c, sensor_A_i2c_address, &temperature_measurementA);
                                                                 ^
In file included from /home/ariolis/upsat-eps-software/epsSubsystemWorkspace/epsSubsystem/Inc/eps_state.h:13:0,
                 from ../Src/eps_state.c:8:
/home/ariolis/upsat-eps-software/epsSubsystemWorkspace/epsSubsystem/Inc/tc74_temp_sensor.h:31:14: note: expected 'uint8_t * {aka unsigned char *}' but argument is of type 'int8_t * {aka signed char *}'
 TC_74_STATUS read_device_temperature(I2C_HandleTypeDef *h_i2c, uint8_t device_i2c_address, uint8_t *receive_word );
              ^
../Src/eps_state.c:131:65: warning: pointer targets in passing argument 3 of 'read_device_temperature' differ in signedness [-Wpointer-sign]
   statusB= read_device_temperature(h_i2c, sensor_B_i2c_address, &temperature_measurementB);
                                                                 ^
In file included from /home/ariolis/upsat-eps-software/epsSubsystemWorkspace/epsSubsystem/Inc/eps_state.h:13:0,
                 from ../Src/eps_state.c:8:
/home/ariolis/upsat-eps-software/epsSubsystemWorkspace/epsSubsystem/Inc/tc74_temp_sensor.h:31:14: note: expected 'uint8_t * {aka unsigned char *}' but argument is of type 'int8_t * {aka signed char *}'
 TC_74_STATUS read_device_temperature(I2C_HandleTypeDef *h_i2c, uint8_t device_i2c_address, uint8_t *receive_word );
              ^
../Src/eps_state.c:113:25: warning: variable 'statusB' set but not used [-Wunused-but-set-variable]
   TC_74_STATUS statusA, statusB;
                         ^
../Src/eps_state.c:113:16: warning: variable 'statusA' set but not used [-Wunused-but-set-variable]
   TC_74_STATUS statusA, statusB;
                ^
Finished building: ../Src/eps_state.c
 
Building target: epsSubsystem.elf
Invoking: MCU GCC Linker
arm-none-eabi-gcc -mcpu=cortex-m3 -mthumb -mfloat-abi=soft -specs=nosys.specs -specs=nano.specs -T"../STM32L152RBTx_FLASH.ld" -Wl,-Map=output.map -Wl,--gc-sections -lm -o "epsSubsystem.elf" @"objects.list"  
Finished building target: epsSubsystem.elf
 
make --no-print-directory post-build
Generating binary and Printing size information:
arm-none-eabi-objcopy -O binary "epsSubsystem.elf" "epsSubsystem.bin"
arm-none-eabi-size "epsSubsystem.elf"
   text	   data	    bss	    dec	    hex	filename
  25964	     16	   2456	  28436	   6f14	epsSubsystem.elf
 
18:42:47 **** Incremental Build of configuration Debug for project epsSubsystem ****
make all 
Building file: ../Src/eps_state.c
Invoking: MCU GCC Compiler
/home/ariolis/upsat-eps-software/epsSubsystemWorkspace/epsSubsystem/Debug
arm-none-eabi-gcc -mcpu=cortex-m3 -mthumb -mfloat-abi=soft -D__weak="__attribute__((weak))" -D__packed="__attribute__((__packed__))" -DUSE_HAL_DRIVER -DSTM32L152xB -I"/home/ariolis/upsat-eps-software/epsSubsystemWorkspace/epsSubsystem/Inc" -I"/home/ariolis/upsat-eps-software/epsSubsystemWorkspace/epsSubsystem/Drivers/STM32L1xx_HAL_Driver/Inc" -I"/home/ariolis/upsat-eps-software/epsSubsystemWorkspace/epsSubsystem/Drivers/STM32L1xx_HAL_Driver/Inc/Legacy" -I"/home/ariolis/upsat-eps-software/epsSubsystemWorkspace/epsSubsystem/Drivers/CMSIS/Include" -I"/home/ariolis/upsat-eps-software/epsSubsystemWorkspace/epsSubsystem/Drivers/CMSIS/Device/ST/STM32L1xx/Include"  -O0 -g3 -Wall -fmessage-length=0 -ffunction-sections -c -fmessage-length=0 -MMD -MP -MF"Src/eps_state.d" -MT"Src/eps_state.o" -o "Src/eps_state.o" "../Src/eps_state.c"
../Src/eps_state.c: In function 'get_batterypack_temperature':
../Src/eps_state.c:129:65: warning: pointer targets in passing argument 3 of 'read_device_temperature' differ in signedness [-Wpointer-sign]
   statusA= read_device_temperature(h_i2c, sensor_A_i2c_address, &temperature_measurementA);
                                                                 ^
In file included from /home/ariolis/upsat-eps-software/epsSubsystemWorkspace/epsSubsystem/Inc/eps_state.h:13:0,
                 from ../Src/eps_state.c:8:
/home/ariolis/upsat-eps-software/epsSubsystemWorkspace/epsSubsystem/Inc/tc74_temp_sensor.h:31:14: note: expected 'uint8_t * {aka unsigned char *}' but argument is of type 'int8_t * {aka signed char *}'
 TC_74_STATUS read_device_temperature(I2C_HandleTypeDef *h_i2c, uint8_t device_i2c_address, uint8_t *receive_word );
              ^
../Src/eps_state.c:132:65: warning: pointer targets in passing argument 3 of 'read_device_temperature' differ in signedness [-Wpointer-sign]
   statusB= read_device_temperature(h_i2c, sensor_B_i2c_address, &temperature_measurementB);
                                                                 ^
In file included from /home/ariolis/upsat-eps-software/epsSubsystemWorkspace/epsSubsystem/Inc/eps_state.h:13:0,
                 from ../Src/eps_state.c:8:
/home/ariolis/upsat-eps-software/epsSubsystemWorkspace/epsSubsystem/Inc/tc74_temp_sensor.h:31:14: note: expected 'uint8_t * {aka unsigned char *}' but argument is of type 'int8_t * {aka signed char *}'
 TC_74_STATUS read_device_temperature(I2C_HandleTypeDef *h_i2c, uint8_t device_i2c_address, uint8_t *receive_word );
              ^
../Src/eps_state.c:114:25: warning: variable 'statusB' set but not used [-Wunused-but-set-variable]
   TC_74_STATUS statusA, statusB;
                         ^
../Src/eps_state.c:114:16: warning: variable 'statusA' set but not used [-Wunused-but-set-variable]
   TC_74_STATUS statusA, statusB;
                ^
Finished building: ../Src/eps_state.c
 
Building file: ../Src/main.c
Invoking: MCU GCC Compiler
/home/ariolis/upsat-eps-software/epsSubsystemWorkspace/epsSubsystem/Debug
arm-none-eabi-gcc -mcpu=cortex-m3 -mthumb -mfloat-abi=soft -D__weak="__attribute__((weak))" -D__packed="__attribute__((__packed__))" -DUSE_HAL_DRIVER -DSTM32L152xB -I"/home/ariolis/upsat-eps-software/epsSubsystemWorkspace/epsSubsystem/Inc" -I"/home/ariolis/upsat-eps-software/epsSubsystemWorkspace/epsSubsystem/Drivers/STM32L1xx_HAL_Driver/Inc" -I"/home/ariolis/upsat-eps-software/epsSubsystemWorkspace/epsSubsystem/Drivers/STM32L1xx_HAL_Driver/Inc/Legacy" -I"/home/ariolis/upsat-eps-software/epsSubsystemWorkspace/epsSubsystem/Drivers/CMSIS/Include" -I"/home/ariolis/upsat-eps-software/epsSubsystemWorkspace/epsSubsystem/Drivers/CMSIS/Device/ST/STM32L1xx/Include"  -O0 -g3 -Wall -fmessage-length=0 -ffunction-sections -c -fmessage-length=0 -MMD -MP -MF"Src/main.d" -MT"Src/main.o" -o "Src/main.o" "../Src/main.c"
../Src/main.c: In function 'main':
../Src/main.c:149:10: warning: pointer targets in passing argument 1 of 'sprintf' differ in signedness [-Wpointer-sign]
  sprintf(uart_output_buffer, "UART test ...\n");
          ^
In file included from /home/ariolis/Ac6/SystemWorkbench/plugins/fr.ac6.mcu.externaltools.arm-none.linux64_1.7.0.201602291252/tools/compiler/arm-none-eabi/include/stdio.h:29:0,
                 from /home/ariolis/upsat-eps-software/epsSubsystemWorkspace/epsSubsystem/Drivers/STM32L1xx_HAL_Driver/Inc/stm32l1xx_hal_def.h:50,
                 from /home/ariolis/upsat-eps-software/epsSubsystemWorkspace/epsSubsystem/Drivers/STM32L1xx_HAL_Driver/Inc/stm32l1xx_hal_rcc.h:47,
                 from /home/ariolis/upsat-eps-software/epsSubsystemWorkspace/epsSubsystem/Inc/stm32l1xx_hal_conf.h:153,
                 from /home/ariolis/upsat-eps-software/epsSubsystemWorkspace/epsSubsystem/Drivers/STM32L1xx_HAL_Driver/Inc/stm32l1xx_hal.h:48,
                 from ../Src/main.c:34:
/home/ariolis/Ac6/SystemWorkbench/plugins/fr.ac6.mcu.externaltools.arm-none.linux64_1.7.0.201602291252/tools/compiler/arm-none-eabi/include/stdio.h:225:5: note: expected 'char * restrict' but argument is of type 'uint8_t * {aka unsigned char *}'
 int _EXFUN(sprintf, (char *__restrict, const char *__restrict, ...)
     ^
Finished building: ../Src/main.c
 
Building target: epsSubsystem.elf
Invoking: MCU GCC Linker
arm-none-eabi-gcc -mcpu=cortex-m3 -mthumb -mfloat-abi=soft -specs=nosys.specs -specs=nano.specs -T"../STM32L152RBTx_FLASH.ld" -Wl,-Map=output.map -Wl,--gc-sections -lm -o "epsSubsystem.elf" @"objects.list"  
Finished building target: epsSubsystem.elf
 
make --no-print-directory post-build
Generating binary and Printing size information:
arm-none-eabi-objcopy -O binary "epsSubsystem.elf" "epsSubsystem.bin"
arm-none-eabi-size "epsSubsystem.elf"
   text	   data	    bss	    dec	    hex	filename
  25972	     16	   2456	  28444	   6f1c	epsSubsystem.elf
 
18:42:59 **** Incremental Build of configuration Debug for project epsSubsystem ****
make all 
make: Nothing to be done for `all'.
18:46:19 **** Incremental Build of configuration Debug for project epsSubsystem ****
make all 
make: Nothing to be done for `all'.
18:46:59 **** Incremental Build of configuration Debug for project epsSubsystem ****
make all 
make: Nothing to be done for `all'.
18:47:36 **** Incremental Build of configuration Debug for project epsSubsystem ****
make all 
make: Nothing to be done for `all'.
18:49:21 **** Incremental Build of configuration Debug for project epsSubsystem ****
make all 
make: Nothing to be done for `all'.
18:49:40 **** Incremental Build of configuration Debug for project epsSubsystem ****
make all 
make: Nothing to be done for `all'.
19:29:46 **** Incremental Build of configuration Debug for project epsSubsystem ****
make all 
Building file: ../Src/eps_state.c
Invoking: MCU GCC Compiler
/home/ariolis/upsat-eps-software/epsSubsystemWorkspace/epsSubsystem/Debug
arm-none-eabi-gcc -mcpu=cortex-m3 -mthumb -mfloat-abi=soft -D__weak="__attribute__((weak))" -D__packed="__attribute__((__packed__))" -DUSE_HAL_DRIVER -DSTM32L152xB -I"/home/ariolis/upsat-eps-software/epsSubsystemWorkspace/epsSubsystem/Inc" -I"/home/ariolis/upsat-eps-software/epsSubsystemWorkspace/epsSubsystem/Drivers/STM32L1xx_HAL_Driver/Inc" -I"/home/ariolis/upsat-eps-software/epsSubsystemWorkspace/epsSubsystem/Drivers/STM32L1xx_HAL_Driver/Inc/Legacy" -I"/home/ariolis/upsat-eps-software/epsSubsystemWorkspace/epsSubsystem/Drivers/CMSIS/Include" -I"/home/ariolis/upsat-eps-software/epsSubsystemWorkspace/epsSubsystem/Drivers/CMSIS/Device/ST/STM32L1xx/Include"  -O0 -g3 -Wall -fmessage-length=0 -ffunction-sections -c -fmessage-length=0 -MMD -MP -MF"Src/eps_state.d" -MT"Src/eps_state.o" -o "Src/eps_state.o" "../Src/eps_state.c"
../Src/eps_state.c: In function 'get_batterypack_temperature':
../Src/eps_state.c:129:65: warning: pointer targets in passing argument 3 of 'read_device_temperature' differ in signedness [-Wpointer-sign]
   statusA= read_device_temperature(h_i2c, sensor_A_i2c_address, &temperature_measurementA);
                                                                 ^
In file included from /home/ariolis/upsat-eps-software/epsSubsystemWorkspace/epsSubsystem/Inc/eps_state.h:13:0,
                 from ../Src/eps_state.c:8:
/home/ariolis/upsat-eps-software/epsSubsystemWorkspace/epsSubsystem/Inc/tc74_temp_sensor.h:31:14: note: expected 'uint8_t * {aka unsigned char *}' but argument is of type 'int8_t * {aka signed char *}'
 TC_74_STATUS read_device_temperature(I2C_HandleTypeDef *h_i2c, uint8_t device_i2c_address, uint8_t *receive_word );
              ^
../Src/eps_state.c:132:65: warning: pointer targets in passing argument 3 of 'read_device_temperature' differ in signedness [-Wpointer-sign]
   statusB= read_device_temperature(h_i2c, sensor_B_i2c_address, &temperature_measurementB);
                                                                 ^
In file included from /home/ariolis/upsat-eps-software/epsSubsystemWorkspace/epsSubsystem/Inc/eps_state.h:13:0,
                 from ../Src/eps_state.c:8:
/home/ariolis/upsat-eps-software/epsSubsystemWorkspace/epsSubsystem/Inc/tc74_temp_sensor.h:31:14: note: expected 'uint8_t * {aka unsigned char *}' but argument is of type 'int8_t * {aka signed char *}'
 TC_74_STATUS read_device_temperature(I2C_HandleTypeDef *h_i2c, uint8_t device_i2c_address, uint8_t *receive_word );
              ^
../Src/eps_state.c:114:25: warning: variable 'statusB' set but not used [-Wunused-but-set-variable]
   TC_74_STATUS statusA, statusB;
                         ^
../Src/eps_state.c:114:16: warning: variable 'statusA' set but not used [-Wunused-but-set-variable]
   TC_74_STATUS statusA, statusB;
                ^
Finished building: ../Src/eps_state.c
 
Building file: ../Src/main.c
Invoking: MCU GCC Compiler
/home/ariolis/upsat-eps-software/epsSubsystemWorkspace/epsSubsystem/Debug
arm-none-eabi-gcc -mcpu=cortex-m3 -mthumb -mfloat-abi=soft -D__weak="__attribute__((weak))" -D__packed="__attribute__((__packed__))" -DUSE_HAL_DRIVER -DSTM32L152xB -I"/home/ariolis/upsat-eps-software/epsSubsystemWorkspace/epsSubsystem/Inc" -I"/home/ariolis/upsat-eps-software/epsSubsystemWorkspace/epsSubsystem/Drivers/STM32L1xx_HAL_Driver/Inc" -I"/home/ariolis/upsat-eps-software/epsSubsystemWorkspace/epsSubsystem/Drivers/STM32L1xx_HAL_Driver/Inc/Legacy" -I"/home/ariolis/upsat-eps-software/epsSubsystemWorkspace/epsSubsystem/Drivers/CMSIS/Include" -I"/home/ariolis/upsat-eps-software/epsSubsystemWorkspace/epsSubsystem/Drivers/CMSIS/Device/ST/STM32L1xx/Include"  -O0 -g3 -Wall -fmessage-length=0 -ffunction-sections -c -fmessage-length=0 -MMD -MP -MF"Src/main.d" -MT"Src/main.o" -o "Src/main.o" "../Src/main.c"
../Src/main.c: In function 'main':
../Src/main.c:149:10: warning: pointer targets in passing argument 1 of 'sprintf' differ in signedness [-Wpointer-sign]
  sprintf(uart_output_buffer, "UART test ...\n");
          ^
In file included from /home/ariolis/Ac6/SystemWorkbench/plugins/fr.ac6.mcu.externaltools.arm-none.linux64_1.7.0.201602291252/tools/compiler/arm-none-eabi/include/stdio.h:29:0,
                 from /home/ariolis/upsat-eps-software/epsSubsystemWorkspace/epsSubsystem/Drivers/STM32L1xx_HAL_Driver/Inc/stm32l1xx_hal_def.h:50,
                 from /home/ariolis/upsat-eps-software/epsSubsystemWorkspace/epsSubsystem/Drivers/STM32L1xx_HAL_Driver/Inc/stm32l1xx_hal_rcc.h:47,
                 from /home/ariolis/upsat-eps-software/epsSubsystemWorkspace/epsSubsystem/Inc/stm32l1xx_hal_conf.h:153,
                 from /home/ariolis/upsat-eps-software/epsSubsystemWorkspace/epsSubsystem/Drivers/STM32L1xx_HAL_Driver/Inc/stm32l1xx_hal.h:48,
                 from ../Src/main.c:34:
/home/ariolis/Ac6/SystemWorkbench/plugins/fr.ac6.mcu.externaltools.arm-none.linux64_1.7.0.201602291252/tools/compiler/arm-none-eabi/include/stdio.h:225:5: note: expected 'char * restrict' but argument is of type 'uint8_t * {aka unsigned char *}'
 int _EXFUN(sprintf, (char *__restrict, const char *__restrict, ...)
     ^
Finished building: ../Src/main.c
 
Building file: ../Src/tc74_temp_sensor.c
Invoking: MCU GCC Compiler
/home/ariolis/upsat-eps-software/epsSubsystemWorkspace/epsSubsystem/Debug
arm-none-eabi-gcc -mcpu=cortex-m3 -mthumb -mfloat-abi=soft -D__weak="__attribute__((weak))" -D__packed="__attribute__((__packed__))" -DUSE_HAL_DRIVER -DSTM32L152xB -I"/home/ariolis/upsat-eps-software/epsSubsystemWorkspace/epsSubsystem/Inc" -I"/home/ariolis/upsat-eps-software/epsSubsystemWorkspace/epsSubsystem/Drivers/STM32L1xx_HAL_Driver/Inc" -I"/home/ariolis/upsat-eps-software/epsSubsystemWorkspace/epsSubsystem/Drivers/STM32L1xx_HAL_Driver/Inc/Legacy" -I"/home/ariolis/upsat-eps-software/epsSubsystemWorkspace/epsSubsystem/Drivers/CMSIS/Include" -I"/home/ariolis/upsat-eps-software/epsSubsystemWorkspace/epsSubsystem/Drivers/CMSIS/Device/ST/STM32L1xx/Include"  -O0 -g3 -Wall -fmessage-length=0 -ffunction-sections -c -fmessage-length=0 -MMD -MP -MF"Src/tc74_temp_sensor.d" -MT"Src/tc74_temp_sensor.o" -o "Src/tc74_temp_sensor.o" "../Src/tc74_temp_sensor.c"
Finished building: ../Src/tc74_temp_sensor.c
 
Building target: epsSubsystem.elf
Invoking: MCU GCC Linker
arm-none-eabi-gcc -mcpu=cortex-m3 -mthumb -mfloat-abi=soft -specs=nosys.specs -specs=nano.specs -T"../STM32L152RBTx_FLASH.ld" -Wl,-Map=output.map -Wl,--gc-sections -lm -o "epsSubsystem.elf" @"objects.list"  
Finished building target: epsSubsystem.elf
 
make --no-print-directory post-build
Generating binary and Printing size information:
arm-none-eabi-objcopy -O binary "epsSubsystem.elf" "epsSubsystem.bin"
arm-none-eabi-size "epsSubsystem.elf"
   text	   data	    bss	    dec	    hex	filename
  25972	     16	   2456	  28444	   6f1c	epsSubsystem.elf
 
19:30:58 **** Incremental Build of configuration Debug for project epsSubsystem ****
make all 
Building file: ../Src/tc74_temp_sensor.c
Invoking: MCU GCC Compiler
/home/ariolis/upsat-eps-software/epsSubsystemWorkspace/epsSubsystem/Debug
arm-none-eabi-gcc -mcpu=cortex-m3 -mthumb -mfloat-abi=soft -D__weak="__attribute__((weak))" -D__packed="__attribute__((__packed__))" -DUSE_HAL_DRIVER -DSTM32L152xB -I"/home/ariolis/upsat-eps-software/epsSubsystemWorkspace/epsSubsystem/Inc" -I"/home/ariolis/upsat-eps-software/epsSubsystemWorkspace/epsSubsystem/Drivers/STM32L1xx_HAL_Driver/Inc" -I"/home/ariolis/upsat-eps-software/epsSubsystemWorkspace/epsSubsystem/Drivers/STM32L1xx_HAL_Driver/Inc/Legacy" -I"/home/ariolis/upsat-eps-software/epsSubsystemWorkspace/epsSubsystem/Drivers/CMSIS/Include" -I"/home/ariolis/upsat-eps-software/epsSubsystemWorkspace/epsSubsystem/Drivers/CMSIS/Device/ST/STM32L1xx/Include"  -O0 -g3 -Wall -fmessage-length=0 -ffunction-sections -c -fmessage-length=0 -MMD -MP -MF"Src/tc74_temp_sensor.d" -MT"Src/tc74_temp_sensor.o" -o "Src/tc74_temp_sensor.o" "../Src/tc74_temp_sensor.c"
Finished building: ../Src/tc74_temp_sensor.c
 
Building target: epsSubsystem.elf
Invoking: MCU GCC Linker
arm-none-eabi-gcc -mcpu=cortex-m3 -mthumb -mfloat-abi=soft -specs=nosys.specs -specs=nano.specs -T"../STM32L152RBTx_FLASH.ld" -Wl,-Map=output.map -Wl,--gc-sections -lm -o "epsSubsystem.elf" @"objects.list"  
Finished building target: epsSubsystem.elf
 
make --no-print-directory post-build
Generating binary and Printing size information:
arm-none-eabi-objcopy -O binary "epsSubsystem.elf" "epsSubsystem.bin"
arm-none-eabi-size "epsSubsystem.elf"
   text	   data	    bss	    dec	    hex	filename
  25976	     16	   2456	  28448	   6f20	epsSubsystem.elf
 
19:31:30 **** Incremental Build of configuration Debug for project epsSubsystem ****
make all 
Building file: ../Src/tc74_temp_sensor.c
Invoking: MCU GCC Compiler
/home/ariolis/upsat-eps-software/epsSubsystemWorkspace/epsSubsystem/Debug
arm-none-eabi-gcc -mcpu=cortex-m3 -mthumb -mfloat-abi=soft -D__weak="__attribute__((weak))" -D__packed="__attribute__((__packed__))" -DUSE_HAL_DRIVER -DSTM32L152xB -I"/home/ariolis/upsat-eps-software/epsSubsystemWorkspace/epsSubsystem/Inc" -I"/home/ariolis/upsat-eps-software/epsSubsystemWorkspace/epsSubsystem/Drivers/STM32L1xx_HAL_Driver/Inc" -I"/home/ariolis/upsat-eps-software/epsSubsystemWorkspace/epsSubsystem/Drivers/STM32L1xx_HAL_Driver/Inc/Legacy" -I"/home/ariolis/upsat-eps-software/epsSubsystemWorkspace/epsSubsystem/Drivers/CMSIS/Include" -I"/home/ariolis/upsat-eps-software/epsSubsystemWorkspace/epsSubsystem/Drivers/CMSIS/Device/ST/STM32L1xx/Include"  -O0 -g3 -Wall -fmessage-length=0 -ffunction-sections -c -fmessage-length=0 -MMD -MP -MF"Src/tc74_temp_sensor.d" -MT"Src/tc74_temp_sensor.o" -o "Src/tc74_temp_sensor.o" "../Src/tc74_temp_sensor.c"
Finished building: ../Src/tc74_temp_sensor.c
 
Building target: epsSubsystem.elf
Invoking: MCU GCC Linker
arm-none-eabi-gcc -mcpu=cortex-m3 -mthumb -mfloat-abi=soft -specs=nosys.specs -specs=nano.specs -T"../STM32L152RBTx_FLASH.ld" -Wl,-Map=output.map -Wl,--gc-sections -lm -o "epsSubsystem.elf" @"objects.list"  
Finished building target: epsSubsystem.elf
 
make --no-print-directory post-build
Generating binary and Printing size information:
arm-none-eabi-objcopy -O binary "epsSubsystem.elf" "epsSubsystem.bin"
arm-none-eabi-size "epsSubsystem.elf"
   text	   data	    bss	    dec	    hex	filename
  25976	     16	   2456	  28448	   6f20	epsSubsystem.elf
 
19:32:41 **** Incremental Build of configuration Debug for project epsSubsystem ****
make all 
Building file: ../Src/tc74_temp_sensor.c
Invoking: MCU GCC Compiler
/home/ariolis/upsat-eps-software/epsSubsystemWorkspace/epsSubsystem/Debug
arm-none-eabi-gcc -mcpu=cortex-m3 -mthumb -mfloat-abi=soft -D__weak="__attribute__((weak))" -D__packed="__attribute__((__packed__))" -DUSE_HAL_DRIVER -DSTM32L152xB -I"/home/ariolis/upsat-eps-software/epsSubsystemWorkspace/epsSubsystem/Inc" -I"/home/ariolis/upsat-eps-software/epsSubsystemWorkspace/epsSubsystem/Drivers/STM32L1xx_HAL_Driver/Inc" -I"/home/ariolis/upsat-eps-software/epsSubsystemWorkspace/epsSubsystem/Drivers/STM32L1xx_HAL_Driver/Inc/Legacy" -I"/home/ariolis/upsat-eps-software/epsSubsystemWorkspace/epsSubsystem/Drivers/CMSIS/Include" -I"/home/ariolis/upsat-eps-software/epsSubsystemWorkspace/epsSubsystem/Drivers/CMSIS/Device/ST/STM32L1xx/Include"  -O0 -g3 -Wall -fmessage-length=0 -ffunction-sections -c -fmessage-length=0 -MMD -MP -MF"Src/tc74_temp_sensor.d" -MT"Src/tc74_temp_sensor.o" -o "Src/tc74_temp_sensor.o" "../Src/tc74_temp_sensor.c"
Finished building: ../Src/tc74_temp_sensor.c
 
Building target: epsSubsystem.elf
Invoking: MCU GCC Linker
arm-none-eabi-gcc -mcpu=cortex-m3 -mthumb -mfloat-abi=soft -specs=nosys.specs -specs=nano.specs -T"../STM32L152RBTx_FLASH.ld" -Wl,-Map=output.map -Wl,--gc-sections -lm -o "epsSubsystem.elf" @"objects.list"  
Finished building target: epsSubsystem.elf
 
make --no-print-directory post-build
Generating binary and Printing size information:
arm-none-eabi-objcopy -O binary "epsSubsystem.elf" "epsSubsystem.bin"
arm-none-eabi-size "epsSubsystem.elf"
   text	   data	    bss	    dec	    hex	filename
  25980	     16	   2456	  28452	   6f24	epsSubsystem.elf
 
19:32:50 **** Incremental Build of configuration Debug for project epsSubsystem ****
make all 
make: Nothing to be done for `all'.
19:33:18 **** Incremental Build of configuration Debug for project epsSubsystem ****
make all 
make: Nothing to be done for `all'.
19:33:50 **** Incremental Build of configuration Debug for project epsSubsystem ****
make all 
make: Nothing to be done for `all'.
19:36:04 **** Incremental Build of configuration Debug for project epsSubsystem ****
make all 
make: Nothing to be done for `all'.
19:36:21 **** Incremental Build of configuration Debug for project epsSubsystem ****
make all 
make: Nothing to be done for `all'.
19:41:08 **** Incremental Build of configuration Debug for project epsSubsystem ****
make all 
Building file: ../Src/eps_state.c
Invoking: MCU GCC Compiler
/home/ariolis/upsat-eps-software/epsSubsystemWorkspace/epsSubsystem/Debug
arm-none-eabi-gcc -mcpu=cortex-m3 -mthumb -mfloat-abi=soft -D__weak="__attribute__((weak))" -D__packed="__attribute__((__packed__))" -DUSE_HAL_DRIVER -DSTM32L152xB -I"/home/ariolis/upsat-eps-software/epsSubsystemWorkspace/epsSubsystem/Inc" -I"/home/ariolis/upsat-eps-software/epsSubsystemWorkspace/epsSubsystem/Drivers/STM32L1xx_HAL_Driver/Inc" -I"/home/ariolis/upsat-eps-software/epsSubsystemWorkspace/epsSubsystem/Drivers/STM32L1xx_HAL_Driver/Inc/Legacy" -I"/home/ariolis/upsat-eps-software/epsSubsystemWorkspace/epsSubsystem/Drivers/CMSIS/Include" -I"/home/ariolis/upsat-eps-software/epsSubsystemWorkspace/epsSubsystem/Drivers/CMSIS/Device/ST/STM32L1xx/Include"  -O0 -g3 -Wall -fmessage-length=0 -ffunction-sections -c -fmessage-length=0 -MMD -MP -MF"Src/eps_state.d" -MT"Src/eps_state.o" -o "Src/eps_state.o" "../Src/eps_state.c"
../Src/eps_state.c: In function 'get_batterypack_temperature':
../Src/eps_state.c:129:65: warning: pointer targets in passing argument 3 of 'read_device_temperature' differ in signedness [-Wpointer-sign]
   statusA= read_device_temperature(h_i2c, sensor_A_i2c_address, &temperature_measurementA);
                                                                 ^
In file included from /home/ariolis/upsat-eps-software/epsSubsystemWorkspace/epsSubsystem/Inc/eps_state.h:13:0,
                 from ../Src/eps_state.c:8:
/home/ariolis/upsat-eps-software/epsSubsystemWorkspace/epsSubsystem/Inc/tc74_temp_sensor.h:31:14: note: expected 'uint8_t * {aka unsigned char *}' but argument is of type 'int8_t * {aka signed char *}'
 TC_74_STATUS read_device_temperature(I2C_HandleTypeDef *h_i2c, uint8_t device_i2c_address, uint8_t *receive_word );
              ^
../Src/eps_state.c:132:65: warning: pointer targets in passing argument 3 of 'read_device_temperature' differ in signedness [-Wpointer-sign]
   statusB= read_device_temperature(h_i2c, sensor_B_i2c_address, &temperature_measurementB);
                                                                 ^
In file included from /home/ariolis/upsat-eps-software/epsSubsystemWorkspace/epsSubsystem/Inc/eps_state.h:13:0,
                 from ../Src/eps_state.c:8:
/home/ariolis/upsat-eps-software/epsSubsystemWorkspace/epsSubsystem/Inc/tc74_temp_sensor.h:31:14: note: expected 'uint8_t * {aka unsigned char *}' but argument is of type 'int8_t * {aka signed char *}'
 TC_74_STATUS read_device_temperature(I2C_HandleTypeDef *h_i2c, uint8_t device_i2c_address, uint8_t *receive_word );
              ^
../Src/eps_state.c:114:25: warning: variable 'statusB' set but not used [-Wunused-but-set-variable]
   TC_74_STATUS statusA, statusB;
                         ^
../Src/eps_state.c:114:16: warning: variable 'statusA' set but not used [-Wunused-but-set-variable]
   TC_74_STATUS statusA, statusB;
                ^
../Src/eps_state.c: In function 'EPS_state_init':
../Src/eps_state.c:156:55: warning: passing argument 3 of 'EPS_set_rail_switch' discards 'volatile' qualifier from pointer target type [-Wdiscarded-qualifiers]
  EPS_set_rail_switch(TEMP_SENSOR, EPS_SWITCH_RAIL_ON, state);
                                                       ^
In file included from ../Src/eps_state.c:8:0:
/home/ariolis/upsat-eps-software/epsSubsystemWorkspace/epsSubsystem/Inc/eps_state.h:90:6: note: expected 'EPS_State * {aka struct <anonymous> *}' but argument is of type 'volatile EPS_State * {aka volatile struct <anonymous> *}'
 void EPS_set_rail_switch(EPS_switch_rail eps_switch, EPS_switch_rail_status switch_status, EPS_State *state);
      ^
Finished building: ../Src/eps_state.c
 
Building target: epsSubsystem.elf
Invoking: MCU GCC Linker
arm-none-eabi-gcc -mcpu=cortex-m3 -mthumb -mfloat-abi=soft -specs=nosys.specs -specs=nano.specs -T"../STM32L152RBTx_FLASH.ld" -Wl,-Map=output.map -Wl,--gc-sections -lm -o "epsSubsystem.elf" @"objects.list"  
Finished building target: epsSubsystem.elf
 
make --no-print-directory post-build
Generating binary and Printing size information:
arm-none-eabi-objcopy -O binary "epsSubsystem.elf" "epsSubsystem.bin"
arm-none-eabi-size "epsSubsystem.elf"
   text	   data	    bss	    dec	    hex	filename
  26180	     16	   2456	  28652	   6fec	epsSubsystem.elf
 
19:41:25 **** Incremental Build of configuration Debug for project epsSubsystem ****
make all 
make: Nothing to be done for `all'.
19:41:59 **** Incremental Build of configuration Debug for project epsSubsystem ****
make all 
make: Nothing to be done for `all'.
19:43:12 **** Incremental Build of configuration Debug for project epsSubsystem ****
make all 
make: Nothing to be done for `all'.
20:02:20 **** Incremental Build of configuration Debug for project epsSubsystem ****
make all 
Building file: ../Src/tc74_temp_sensor.c
Invoking: MCU GCC Compiler
/home/ariolis/upsat-eps-software/epsSubsystemWorkspace/epsSubsystem/Debug
arm-none-eabi-gcc -mcpu=cortex-m3 -mthumb -mfloat-abi=soft -D__weak="__attribute__((weak))" -D__packed="__attribute__((__packed__))" -DUSE_HAL_DRIVER -DSTM32L152xB -I"/home/ariolis/upsat-eps-software/epsSubsystemWorkspace/epsSubsystem/Inc" -I"/home/ariolis/upsat-eps-software/epsSubsystemWorkspace/epsSubsystem/Drivers/STM32L1xx_HAL_Driver/Inc" -I"/home/ariolis/upsat-eps-software/epsSubsystemWorkspace/epsSubsystem/Drivers/STM32L1xx_HAL_Driver/Inc/Legacy" -I"/home/ariolis/upsat-eps-software/epsSubsystemWorkspace/epsSubsystem/Drivers/CMSIS/Include" -I"/home/ariolis/upsat-eps-software/epsSubsystemWorkspace/epsSubsystem/Drivers/CMSIS/Device/ST/STM32L1xx/Include"  -O0 -g3 -Wall -fmessage-length=0 -ffunction-sections -c -fmessage-length=0 -MMD -MP -MF"Src/tc74_temp_sensor.d" -MT"Src/tc74_temp_sensor.o" -o "Src/tc74_temp_sensor.o" "../Src/tc74_temp_sensor.c"
Finished building: ../Src/tc74_temp_sensor.c
 
Building target: epsSubsystem.elf
Invoking: MCU GCC Linker
arm-none-eabi-gcc -mcpu=cortex-m3 -mthumb -mfloat-abi=soft -specs=nosys.specs -specs=nano.specs -T"../STM32L152RBTx_FLASH.ld" -Wl,-Map=output.map -Wl,--gc-sections -lm -o "epsSubsystem.elf" @"objects.list"  
Finished building target: epsSubsystem.elf
 
make --no-print-directory post-build
Generating binary and Printing size information:
arm-none-eabi-objcopy -O binary "epsSubsystem.elf" "epsSubsystem.bin"
arm-none-eabi-size "epsSubsystem.elf"
   text	   data	    bss	    dec	    hex	filename
  26180	     16	   2456	  28652	   6fec	epsSubsystem.elf
 
20:05:04 **** Incremental Build of configuration Debug for project epsSubsystem ****
make all 
Building file: ../Src/eps_state.c
Invoking: MCU GCC Compiler
/home/ariolis/upsat-eps-software/epsSubsystemWorkspace/epsSubsystem/Debug
arm-none-eabi-gcc -mcpu=cortex-m3 -mthumb -mfloat-abi=soft -D__weak="__attribute__((weak))" -D__packed="__attribute__((__packed__))" -DUSE_HAL_DRIVER -DSTM32L152xB -I"/home/ariolis/upsat-eps-software/epsSubsystemWorkspace/epsSubsystem/Inc" -I"/home/ariolis/upsat-eps-software/epsSubsystemWorkspace/epsSubsystem/Drivers/STM32L1xx_HAL_Driver/Inc" -I"/home/ariolis/upsat-eps-software/epsSubsystemWorkspace/epsSubsystem/Drivers/STM32L1xx_HAL_Driver/Inc/Legacy" -I"/home/ariolis/upsat-eps-software/epsSubsystemWorkspace/epsSubsystem/Drivers/CMSIS/Include" -I"/home/ariolis/upsat-eps-software/epsSubsystemWorkspace/epsSubsystem/Drivers/CMSIS/Device/ST/STM32L1xx/Include"  -O0 -g3 -Wall -fmessage-length=0 -ffunction-sections -c -fmessage-length=0 -MMD -MP -MF"Src/eps_state.d" -MT"Src/eps_state.o" -o "Src/eps_state.o" "../Src/eps_state.c"
../Src/eps_state.c: In function 'get_batterypack_temperature':
../Src/eps_state.c:129:65: warning: pointer targets in passing argument 3 of 'read_device_temperature' differ in signedness [-Wpointer-sign]
   statusA= read_device_temperature(h_i2c, sensor_A_i2c_address, &temperature_measurementA);
                                                                 ^
In file included from /home/ariolis/upsat-eps-software/epsSubsystemWorkspace/epsSubsystem/Inc/eps_state.h:13:0,
                 from ../Src/eps_state.c:8:
/home/ariolis/upsat-eps-software/epsSubsystemWorkspace/epsSubsystem/Inc/tc74_temp_sensor.h:31:14: note: expected 'uint8_t * {aka unsigned char *}' but argument is of type 'int8_t * {aka signed char *}'
 TC_74_STATUS read_device_temperature(I2C_HandleTypeDef *h_i2c, uint8_t device_i2c_address, uint8_t *receive_word );
              ^
../Src/eps_state.c:132:65: warning: pointer targets in passing argument 3 of 'read_device_temperature' differ in signedness [-Wpointer-sign]
   statusB= read_device_temperature(h_i2c, sensor_B_i2c_address, &temperature_measurementB);
                                                                 ^
In file included from /home/ariolis/upsat-eps-software/epsSubsystemWorkspace/epsSubsystem/Inc/eps_state.h:13:0,
                 from ../Src/eps_state.c:8:
/home/ariolis/upsat-eps-software/epsSubsystemWorkspace/epsSubsystem/Inc/tc74_temp_sensor.h:31:14: note: expected 'uint8_t * {aka unsigned char *}' but argument is of type 'int8_t * {aka signed char *}'
 TC_74_STATUS read_device_temperature(I2C_HandleTypeDef *h_i2c, uint8_t device_i2c_address, uint8_t *receive_word );
              ^
../Src/eps_state.c:114:25: warning: variable 'statusB' set but not used [-Wunused-but-set-variable]
   TC_74_STATUS statusA, statusB;
                         ^
../Src/eps_state.c:114:16: warning: variable 'statusA' set but not used [-Wunused-but-set-variable]
   TC_74_STATUS statusA, statusB;
                ^
../Src/eps_state.c: In function 'EPS_state_init':
../Src/eps_state.c:156:55: warning: passing argument 3 of 'EPS_set_rail_switch' discards 'volatile' qualifier from pointer target type [-Wdiscarded-qualifiers]
  EPS_set_rail_switch(TEMP_SENSOR, EPS_SWITCH_RAIL_ON, state);
                                                       ^
In file included from ../Src/eps_state.c:8:0:
/home/ariolis/upsat-eps-software/epsSubsystemWorkspace/epsSubsystem/Inc/eps_state.h:90:6: note: expected 'EPS_State * {aka struct <anonymous> *}' but argument is of type 'volatile EPS_State * {aka volatile struct <anonymous> *}'
 void EPS_set_rail_switch(EPS_switch_rail eps_switch, EPS_switch_rail_status switch_status, EPS_State *state);
      ^
Finished building: ../Src/eps_state.c
 
Building target: epsSubsystem.elf
Invoking: MCU GCC Linker
arm-none-eabi-gcc -mcpu=cortex-m3 -mthumb -mfloat-abi=soft -specs=nosys.specs -specs=nano.specs -T"../STM32L152RBTx_FLASH.ld" -Wl,-Map=output.map -Wl,--gc-sections -lm -o "epsSubsystem.elf" @"objects.list"  
Finished building target: epsSubsystem.elf
 
make --no-print-directory post-build
Generating binary and Printing size information:
arm-none-eabi-objcopy -O binary "epsSubsystem.elf" "epsSubsystem.bin"
arm-none-eabi-size "epsSubsystem.elf"
   text	   data	    bss	    dec	    hex	filename
  26172	     16	   2456	  28644	   6fe4	epsSubsystem.elf
 
20:07:07 **** Incremental Build of configuration Debug for project epsSubsystem ****
make all 
Building file: ../Src/eps_state.c
Invoking: MCU GCC Compiler
/home/ariolis/upsat-eps-software/epsSubsystemWorkspace/epsSubsystem/Debug
arm-none-eabi-gcc -mcpu=cortex-m3 -mthumb -mfloat-abi=soft -D__weak="__attribute__((weak))" -D__packed="__attribute__((__packed__))" -DUSE_HAL_DRIVER -DSTM32L152xB -I"/home/ariolis/upsat-eps-software/epsSubsystemWorkspace/epsSubsystem/Inc" -I"/home/ariolis/upsat-eps-software/epsSubsystemWorkspace/epsSubsystem/Drivers/STM32L1xx_HAL_Driver/Inc" -I"/home/ariolis/upsat-eps-software/epsSubsystemWorkspace/epsSubsystem/Drivers/STM32L1xx_HAL_Driver/Inc/Legacy" -I"/home/ariolis/upsat-eps-software/epsSubsystemWorkspace/epsSubsystem/Drivers/CMSIS/Include" -I"/home/ariolis/upsat-eps-software/epsSubsystemWorkspace/epsSubsystem/Drivers/CMSIS/Device/ST/STM32L1xx/Include"  -O0 -g3 -Wall -fmessage-length=0 -ffunction-sections -c -fmessage-length=0 -MMD -MP -MF"Src/eps_state.d" -MT"Src/eps_state.o" -o "Src/eps_state.o" "../Src/eps_state.c"
../Src/eps_state.c: In function 'get_batterypack_temperature':
../Src/eps_state.c:129:65: warning: pointer targets in passing argument 3 of 'read_device_temperature' differ in signedness [-Wpointer-sign]
   statusA= read_device_temperature(h_i2c, sensor_A_i2c_address, &temperature_measurementA);
                                                                 ^
In file included from /home/ariolis/upsat-eps-software/epsSubsystemWorkspace/epsSubsystem/Inc/eps_state.h:13:0,
                 from ../Src/eps_state.c:8:
/home/ariolis/upsat-eps-software/epsSubsystemWorkspace/epsSubsystem/Inc/tc74_temp_sensor.h:31:14: note: expected 'uint8_t * {aka unsigned char *}' but argument is of type 'int8_t * {aka signed char *}'
 TC_74_STATUS read_device_temperature(I2C_HandleTypeDef *h_i2c, uint8_t device_i2c_address, uint8_t *receive_word );
              ^
../Src/eps_state.c:132:65: warning: pointer targets in passing argument 3 of 'read_device_temperature' differ in signedness [-Wpointer-sign]
   statusB= read_device_temperature(h_i2c, sensor_B_i2c_address, &temperature_measurementB);
                                                                 ^
In file included from /home/ariolis/upsat-eps-software/epsSubsystemWorkspace/epsSubsystem/Inc/eps_state.h:13:0,
                 from ../Src/eps_state.c:8:
/home/ariolis/upsat-eps-software/epsSubsystemWorkspace/epsSubsystem/Inc/tc74_temp_sensor.h:31:14: note: expected 'uint8_t * {aka unsigned char *}' but argument is of type 'int8_t * {aka signed char *}'
 TC_74_STATUS read_device_temperature(I2C_HandleTypeDef *h_i2c, uint8_t device_i2c_address, uint8_t *receive_word );
              ^
../Src/eps_state.c:114:25: warning: variable 'statusB' set but not used [-Wunused-but-set-variable]
   TC_74_STATUS statusA, statusB;
                         ^
../Src/eps_state.c:114:16: warning: variable 'statusA' set but not used [-Wunused-but-set-variable]
   TC_74_STATUS statusA, statusB;
                ^
../Src/eps_state.c: In function 'EPS_state_init':
../Src/eps_state.c:156:55: warning: passing argument 3 of 'EPS_set_rail_switch' discards 'volatile' qualifier from pointer target type [-Wdiscarded-qualifiers]
  EPS_set_rail_switch(TEMP_SENSOR, EPS_SWITCH_RAIL_ON, state);
                                                       ^
In file included from ../Src/eps_state.c:8:0:
/home/ariolis/upsat-eps-software/epsSubsystemWorkspace/epsSubsystem/Inc/eps_state.h:90:6: note: expected 'EPS_State * {aka struct <anonymous> *}' but argument is of type 'volatile EPS_State * {aka volatile struct <anonymous> *}'
 void EPS_set_rail_switch(EPS_switch_rail eps_switch, EPS_switch_rail_status switch_status, EPS_State *state);
      ^
../Src/eps_state.c:157:56: warning: passing argument 3 of 'EPS_set_rail_switch' discards 'volatile' qualifier from pointer target type [-Wdiscarded-qualifiers]
  EPS_set_rail_switch(TEMP_SENSOR, EPS_SWITCH_RAIL_OFF, state);
                                                        ^
In file included from ../Src/eps_state.c:8:0:
/home/ariolis/upsat-eps-software/epsSubsystemWorkspace/epsSubsystem/Inc/eps_state.h:90:6: note: expected 'EPS_State * {aka struct <anonymous> *}' but argument is of type 'volatile EPS_State * {aka volatile struct <anonymous> *}'
 void EPS_set_rail_switch(EPS_switch_rail eps_switch, EPS_switch_rail_status switch_status, EPS_State *state);
      ^
../Src/eps_state.c:158:55: warning: passing argument 3 of 'EPS_set_rail_switch' discards 'volatile' qualifier from pointer target type [-Wdiscarded-qualifiers]
  EPS_set_rail_switch(TEMP_SENSOR, EPS_SWITCH_RAIL_ON, state);
                                                       ^
In file included from ../Src/eps_state.c:8:0:
/home/ariolis/upsat-eps-software/epsSubsystemWorkspace/epsSubsystem/Inc/eps_state.h:90:6: note: expected 'EPS_State * {aka struct <anonymous> *}' but argument is of type 'volatile EPS_State * {aka volatile struct <anonymous> *}'
 void EPS_set_rail_switch(EPS_switch_rail eps_switch, EPS_switch_rail_status switch_status, EPS_State *state);
      ^
Finished building: ../Src/eps_state.c
 
Building target: epsSubsystem.elf
Invoking: MCU GCC Linker
arm-none-eabi-gcc -mcpu=cortex-m3 -mthumb -mfloat-abi=soft -specs=nosys.specs -specs=nano.specs -T"../STM32L152RBTx_FLASH.ld" -Wl,-Map=output.map -Wl,--gc-sections -lm -o "epsSubsystem.elf" @"objects.list"  
Finished building target: epsSubsystem.elf
 
make --no-print-directory post-build
Generating binary and Printing size information:
arm-none-eabi-objcopy -O binary "epsSubsystem.elf" "epsSubsystem.bin"
arm-none-eabi-size "epsSubsystem.elf"
   text	   data	    bss	    dec	    hex	filename
  26192	     16	   2456	  28664	   6ff8	epsSubsystem.elf
 
20:07:25 **** Incremental Build of configuration Debug for project epsSubsystem ****
make all 
Building file: ../Src/eps_state.c
Invoking: MCU GCC Compiler
/home/ariolis/upsat-eps-software/epsSubsystemWorkspace/epsSubsystem/Debug
arm-none-eabi-gcc -mcpu=cortex-m3 -mthumb -mfloat-abi=soft -D__weak="__attribute__((weak))" -D__packed="__attribute__((__packed__))" -DUSE_HAL_DRIVER -DSTM32L152xB -I"/home/ariolis/upsat-eps-software/epsSubsystemWorkspace/epsSubsystem/Inc" -I"/home/ariolis/upsat-eps-software/epsSubsystemWorkspace/epsSubsystem/Drivers/STM32L1xx_HAL_Driver/Inc" -I"/home/ariolis/upsat-eps-software/epsSubsystemWorkspace/epsSubsystem/Drivers/STM32L1xx_HAL_Driver/Inc/Legacy" -I"/home/ariolis/upsat-eps-software/epsSubsystemWorkspace/epsSubsystem/Drivers/CMSIS/Include" -I"/home/ariolis/upsat-eps-software/epsSubsystemWorkspace/epsSubsystem/Drivers/CMSIS/Device/ST/STM32L1xx/Include"  -O0 -g3 -Wall -fmessage-length=0 -ffunction-sections -c -fmessage-length=0 -MMD -MP -MF"Src/eps_state.d" -MT"Src/eps_state.o" -o "Src/eps_state.o" "../Src/eps_state.c"
../Src/eps_state.c: In function 'get_batterypack_temperature':
../Src/eps_state.c:129:65: warning: pointer targets in passing argument 3 of 'read_device_temperature' differ in signedness [-Wpointer-sign]
   statusA= read_device_temperature(h_i2c, sensor_A_i2c_address, &temperature_measurementA);
                                                                 ^
In file included from /home/ariolis/upsat-eps-software/epsSubsystemWorkspace/epsSubsystem/Inc/eps_state.h:13:0,
                 from ../Src/eps_state.c:8:
/home/ariolis/upsat-eps-software/epsSubsystemWorkspace/epsSubsystem/Inc/tc74_temp_sensor.h:31:14: note: expected 'uint8_t * {aka unsigned char *}' but argument is of type 'int8_t * {aka signed char *}'
 TC_74_STATUS read_device_temperature(I2C_HandleTypeDef *h_i2c, uint8_t device_i2c_address, uint8_t *receive_word );
              ^
../Src/eps_state.c:132:65: warning: pointer targets in passing argument 3 of 'read_device_temperature' differ in signedness [-Wpointer-sign]
   statusB= read_device_temperature(h_i2c, sensor_B_i2c_address, &temperature_measurementB);
                                                                 ^
In file included from /home/ariolis/upsat-eps-software/epsSubsystemWorkspace/epsSubsystem/Inc/eps_state.h:13:0,
                 from ../Src/eps_state.c:8:
/home/ariolis/upsat-eps-software/epsSubsystemWorkspace/epsSubsystem/Inc/tc74_temp_sensor.h:31:14: note: expected 'uint8_t * {aka unsigned char *}' but argument is of type 'int8_t * {aka signed char *}'
 TC_74_STATUS read_device_temperature(I2C_HandleTypeDef *h_i2c, uint8_t device_i2c_address, uint8_t *receive_word );
              ^
../Src/eps_state.c:114:25: warning: variable 'statusB' set but not used [-Wunused-but-set-variable]
   TC_74_STATUS statusA, statusB;
                         ^
../Src/eps_state.c:114:16: warning: variable 'statusA' set but not used [-Wunused-but-set-variable]
   TC_74_STATUS statusA, statusB;
                ^
../Src/eps_state.c: In function 'EPS_state_init':
../Src/eps_state.c:156:56: warning: passing argument 3 of 'EPS_set_rail_switch' discards 'volatile' qualifier from pointer target type [-Wdiscarded-qualifiers]
  EPS_set_rail_switch(TEMP_SENSOR, EPS_SWITCH_RAIL_OFF, state);
                                                        ^
In file included from ../Src/eps_state.c:8:0:
/home/ariolis/upsat-eps-software/epsSubsystemWorkspace/epsSubsystem/Inc/eps_state.h:90:6: note: expected 'EPS_State * {aka struct <anonymous> *}' but argument is of type 'volatile EPS_State * {aka volatile struct <anonymous> *}'
 void EPS_set_rail_switch(EPS_switch_rail eps_switch, EPS_switch_rail_status switch_status, EPS_State *state);
      ^
../Src/eps_state.c:157:55: warning: passing argument 3 of 'EPS_set_rail_switch' discards 'volatile' qualifier from pointer target type [-Wdiscarded-qualifiers]
  EPS_set_rail_switch(TEMP_SENSOR, EPS_SWITCH_RAIL_ON, state);
                                                       ^
In file included from ../Src/eps_state.c:8:0:
/home/ariolis/upsat-eps-software/epsSubsystemWorkspace/epsSubsystem/Inc/eps_state.h:90:6: note: expected 'EPS_State * {aka struct <anonymous> *}' but argument is of type 'volatile EPS_State * {aka volatile struct <anonymous> *}'
 void EPS_set_rail_switch(EPS_switch_rail eps_switch, EPS_switch_rail_status switch_status, EPS_State *state);
      ^
../Src/eps_state.c:158:56: warning: passing argument 3 of 'EPS_set_rail_switch' discards 'volatile' qualifier from pointer target type [-Wdiscarded-qualifiers]
  EPS_set_rail_switch(TEMP_SENSOR, EPS_SWITCH_RAIL_OFF, state);
                                                        ^
In file included from ../Src/eps_state.c:8:0:
/home/ariolis/upsat-eps-software/epsSubsystemWorkspace/epsSubsystem/Inc/eps_state.h:90:6: note: expected 'EPS_State * {aka struct <anonymous> *}' but argument is of type 'volatile EPS_State * {aka volatile struct <anonymous> *}'
 void EPS_set_rail_switch(EPS_switch_rail eps_switch, EPS_switch_rail_status switch_status, EPS_State *state);
      ^
../Src/eps_state.c:159:55: warning: passing argument 3 of 'EPS_set_rail_switch' discards 'volatile' qualifier from pointer target type [-Wdiscarded-qualifiers]
  EPS_set_rail_switch(TEMP_SENSOR, EPS_SWITCH_RAIL_ON, state);
                                                       ^
In file included from ../Src/eps_state.c:8:0:
/home/ariolis/upsat-eps-software/epsSubsystemWorkspace/epsSubsystem/Inc/eps_state.h:90:6: note: expected 'EPS_State * {aka struct <anonymous> *}' but argument is of type 'volatile EPS_State * {aka volatile struct <anonymous> *}'
 void EPS_set_rail_switch(EPS_switch_rail eps_switch, EPS_switch_rail_status switch_status, EPS_State *state);
      ^
Finished building: ../Src/eps_state.c
 
Building target: epsSubsystem.elf
Invoking: MCU GCC Linker
arm-none-eabi-gcc -mcpu=cortex-m3 -mthumb -mfloat-abi=soft -specs=nosys.specs -specs=nano.specs -T"../STM32L152RBTx_FLASH.ld" -Wl,-Map=output.map -Wl,--gc-sections -lm -o "epsSubsystem.elf" @"objects.list"  
Finished building target: epsSubsystem.elf
 
make --no-print-directory post-build
Generating binary and Printing size information:
arm-none-eabi-objcopy -O binary "epsSubsystem.elf" "epsSubsystem.bin"
arm-none-eabi-size "epsSubsystem.elf"
   text	   data	    bss	    dec	    hex	filename
  26204	     16	   2456	  28676	   7004	epsSubsystem.elf
 
20:07:40 **** Incremental Build of configuration Debug for project epsSubsystem ****
make all 
make: Nothing to be done for `all'.
20:09:02 **** Incremental Build of configuration Debug for project epsSubsystem ****
make all 
make: Nothing to be done for `all'.
20:17:55 **** Incremental Build of configuration Debug for project epsSubsystem ****
make all 
Building file: ../Src/eps_state.c
Invoking: MCU GCC Compiler
/home/ariolis/upsat-eps-software/epsSubsystemWorkspace/epsSubsystem/Debug
arm-none-eabi-gcc -mcpu=cortex-m3 -mthumb -mfloat-abi=soft -D__weak="__attribute__((weak))" -D__packed="__attribute__((__packed__))" -DUSE_HAL_DRIVER -DSTM32L152xB -I"/home/ariolis/upsat-eps-software/epsSubsystemWorkspace/epsSubsystem/Inc" -I"/home/ariolis/upsat-eps-software/epsSubsystemWorkspace/epsSubsystem/Drivers/STM32L1xx_HAL_Driver/Inc" -I"/home/ariolis/upsat-eps-software/epsSubsystemWorkspace/epsSubsystem/Drivers/STM32L1xx_HAL_Driver/Inc/Legacy" -I"/home/ariolis/upsat-eps-software/epsSubsystemWorkspace/epsSubsystem/Drivers/CMSIS/Include" -I"/home/ariolis/upsat-eps-software/epsSubsystemWorkspace/epsSubsystem/Drivers/CMSIS/Device/ST/STM32L1xx/Include"  -O0 -g3 -Wall -fmessage-length=0 -ffunction-sections -c -fmessage-length=0 -MMD -MP -MF"Src/eps_state.d" -MT"Src/eps_state.o" -o "Src/eps_state.o" "../Src/eps_state.c"
../Src/eps_state.c: In function 'get_batterypack_temperature':
../Src/eps_state.c:129:65: warning: pointer targets in passing argument 3 of 'read_device_temperature' differ in signedness [-Wpointer-sign]
   statusA= read_device_temperature(h_i2c, sensor_A_i2c_address, &temperature_measurementA);
                                                                 ^
In file included from /home/ariolis/upsat-eps-software/epsSubsystemWorkspace/epsSubsystem/Inc/eps_state.h:13:0,
                 from ../Src/eps_state.c:8:
/home/ariolis/upsat-eps-software/epsSubsystemWorkspace/epsSubsystem/Inc/tc74_temp_sensor.h:31:14: note: expected 'uint8_t * {aka unsigned char *}' but argument is of type 'int8_t * {aka signed char *}'
 TC_74_STATUS read_device_temperature(I2C_HandleTypeDef *h_i2c, uint8_t device_i2c_address, uint8_t *receive_word );
              ^
../Src/eps_state.c:132:65: warning: pointer targets in passing argument 3 of 'read_device_temperature' differ in signedness [-Wpointer-sign]
   statusB= read_device_temperature(h_i2c, sensor_B_i2c_address, &temperature_measurementB);
                                                                 ^
In file included from /home/ariolis/upsat-eps-software/epsSubsystemWorkspace/epsSubsystem/Inc/eps_state.h:13:0,
                 from ../Src/eps_state.c:8:
/home/ariolis/upsat-eps-software/epsSubsystemWorkspace/epsSubsystem/Inc/tc74_temp_sensor.h:31:14: note: expected 'uint8_t * {aka unsigned char *}' but argument is of type 'int8_t * {aka signed char *}'
 TC_74_STATUS read_device_temperature(I2C_HandleTypeDef *h_i2c, uint8_t device_i2c_address, uint8_t *receive_word );
              ^
../Src/eps_state.c:114:25: warning: variable 'statusB' set but not used [-Wunused-but-set-variable]
   TC_74_STATUS statusA, statusB;
                         ^
../Src/eps_state.c:114:16: warning: variable 'statusA' set but not used [-Wunused-but-set-variable]
   TC_74_STATUS statusA, statusB;
                ^
../Src/eps_state.c: In function 'EPS_state_init':
../Src/eps_state.c:156:56: warning: passing argument 3 of 'EPS_set_rail_switch' discards 'volatile' qualifier from pointer target type [-Wdiscarded-qualifiers]
  EPS_set_rail_switch(TEMP_SENSOR, EPS_SWITCH_RAIL_OFF, state);
                                                        ^
In file included from ../Src/eps_state.c:8:0:
/home/ariolis/upsat-eps-software/epsSubsystemWorkspace/epsSubsystem/Inc/eps_state.h:90:6: note: expected 'EPS_State * {aka struct <anonymous> *}' but argument is of type 'volatile EPS_State * {aka volatile struct <anonymous> *}'
 void EPS_set_rail_switch(EPS_switch_rail eps_switch, EPS_switch_rail_status switch_status, EPS_State *state);
      ^
../Src/eps_state.c:157:55: warning: passing argument 3 of 'EPS_set_rail_switch' discards 'volatile' qualifier from pointer target type [-Wdiscarded-qualifiers]
  EPS_set_rail_switch(TEMP_SENSOR, EPS_SWITCH_RAIL_ON, state);
                                                       ^
In file included from ../Src/eps_state.c:8:0:
/home/ariolis/upsat-eps-software/epsSubsystemWorkspace/epsSubsystem/Inc/eps_state.h:90:6: note: expected 'EPS_State * {aka struct <anonymous> *}' but argument is of type 'volatile EPS_State * {aka volatile struct <anonymous> *}'
 void EPS_set_rail_switch(EPS_switch_rail eps_switch, EPS_switch_rail_status switch_status, EPS_State *state);
      ^
../Src/eps_state.c:158:56: warning: passing argument 3 of 'EPS_set_rail_switch' discards 'volatile' qualifier from pointer target type [-Wdiscarded-qualifiers]
  EPS_set_rail_switch(TEMP_SENSOR, EPS_SWITCH_RAIL_OFF, state);
                                                        ^
In file included from ../Src/eps_state.c:8:0:
/home/ariolis/upsat-eps-software/epsSubsystemWorkspace/epsSubsystem/Inc/eps_state.h:90:6: note: expected 'EPS_State * {aka struct <anonymous> *}' but argument is of type 'volatile EPS_State * {aka volatile struct <anonymous> *}'
 void EPS_set_rail_switch(EPS_switch_rail eps_switch, EPS_switch_rail_status switch_status, EPS_State *state);
      ^
../Src/eps_state.c:159:55: warning: passing argument 3 of 'EPS_set_rail_switch' discards 'volatile' qualifier from pointer target type [-Wdiscarded-qualifiers]
  EPS_set_rail_switch(TEMP_SENSOR, EPS_SWITCH_RAIL_ON, state);
                                                       ^
In file included from ../Src/eps_state.c:8:0:
/home/ariolis/upsat-eps-software/epsSubsystemWorkspace/epsSubsystem/Inc/eps_state.h:90:6: note: expected 'EPS_State * {aka struct <anonymous> *}' but argument is of type 'volatile EPS_State * {aka volatile struct <anonymous> *}'
 void EPS_set_rail_switch(EPS_switch_rail eps_switch, EPS_switch_rail_status switch_status, EPS_State *state);
      ^
Finished building: ../Src/eps_state.c
 
Building target: epsSubsystem.elf
Invoking: MCU GCC Linker
arm-none-eabi-gcc -mcpu=cortex-m3 -mthumb -mfloat-abi=soft -specs=nosys.specs -specs=nano.specs -T"../STM32L152RBTx_FLASH.ld" -Wl,-Map=output.map -Wl,--gc-sections -lm -o "epsSubsystem.elf" @"objects.list"  
Finished building target: epsSubsystem.elf
 
make --no-print-directory post-build
Generating binary and Printing size information:
arm-none-eabi-objcopy -O binary "epsSubsystem.elf" "epsSubsystem.bin"
arm-none-eabi-size "epsSubsystem.elf"
   text	   data	    bss	    dec	    hex	filename
  26208	     16	   2456	  28680	   7008	epsSubsystem.elf
 
20:30:23 **** Incremental Build of configuration Debug for project epsSubsystem ****
make all 
make: Nothing to be done for `all'.
20:30:33 **** Incremental Build of configuration Debug for project epsSubsystem ****
make all 
make: Nothing to be done for `all'.
20:33:20 **** Incremental Build of configuration Debug for project epsSubsystem ****
make all 
Building file: ../Src/tc74_temp_sensor.c
Invoking: MCU GCC Compiler
/home/ariolis/upsat-eps-software/epsSubsystemWorkspace/epsSubsystem/Debug
arm-none-eabi-gcc -mcpu=cortex-m3 -mthumb -mfloat-abi=soft -D__weak="__attribute__((weak))" -D__packed="__attribute__((__packed__))" -DUSE_HAL_DRIVER -DSTM32L152xB -I"/home/ariolis/upsat-eps-software/epsSubsystemWorkspace/epsSubsystem/Inc" -I"/home/ariolis/upsat-eps-software/epsSubsystemWorkspace/epsSubsystem/Drivers/STM32L1xx_HAL_Driver/Inc" -I"/home/ariolis/upsat-eps-software/epsSubsystemWorkspace/epsSubsystem/Drivers/STM32L1xx_HAL_Driver/Inc/Legacy" -I"/home/ariolis/upsat-eps-software/epsSubsystemWorkspace/epsSubsystem/Drivers/CMSIS/Include" -I"/home/ariolis/upsat-eps-software/epsSubsystemWorkspace/epsSubsystem/Drivers/CMSIS/Device/ST/STM32L1xx/Include"  -O0 -g3 -Wall -fmessage-length=0 -ffunction-sections -c -fmessage-length=0 -MMD -MP -MF"Src/tc74_temp_sensor.d" -MT"Src/tc74_temp_sensor.o" -o "Src/tc74_temp_sensor.o" "../Src/tc74_temp_sensor.c"
Finished building: ../Src/tc74_temp_sensor.c
 
Building target: epsSubsystem.elf
Invoking: MCU GCC Linker
arm-none-eabi-gcc -mcpu=cortex-m3 -mthumb -mfloat-abi=soft -specs=nosys.specs -specs=nano.specs -T"../STM32L152RBTx_FLASH.ld" -Wl,-Map=output.map -Wl,--gc-sections -lm -o "epsSubsystem.elf" @"objects.list"  
Finished building target: epsSubsystem.elf
 
make --no-print-directory post-build
Generating binary and Printing size information:
arm-none-eabi-objcopy -O binary "epsSubsystem.elf" "epsSubsystem.bin"
arm-none-eabi-size "epsSubsystem.elf"
   text	   data	    bss	    dec	    hex	filename
  26212	     16	   2456	  28684	   700c	epsSubsystem.elf
 
20:33:35 **** Incremental Build of configuration Debug for project epsSubsystem ****
make all 
make: Nothing to be done for `all'.
20:35:42 **** Incremental Build of configuration Debug for project epsSubsystem ****
make all 
Building file: ../Src/eps_state.c
Invoking: MCU GCC Compiler
/home/ariolis/upsat-eps-software/epsSubsystemWorkspace/epsSubsystem/Debug
arm-none-eabi-gcc -mcpu=cortex-m3 -mthumb -mfloat-abi=soft -D__weak="__attribute__((weak))" -D__packed="__attribute__((__packed__))" -DUSE_HAL_DRIVER -DSTM32L152xB -I"/home/ariolis/upsat-eps-software/epsSubsystemWorkspace/epsSubsystem/Inc" -I"/home/ariolis/upsat-eps-software/epsSubsystemWorkspace/epsSubsystem/Drivers/STM32L1xx_HAL_Driver/Inc" -I"/home/ariolis/upsat-eps-software/epsSubsystemWorkspace/epsSubsystem/Drivers/STM32L1xx_HAL_Driver/Inc/Legacy" -I"/home/ariolis/upsat-eps-software/epsSubsystemWorkspace/epsSubsystem/Drivers/CMSIS/Include" -I"/home/ariolis/upsat-eps-software/epsSubsystemWorkspace/epsSubsystem/Drivers/CMSIS/Device/ST/STM32L1xx/Include"  -O0 -g3 -Wall -fmessage-length=0 -ffunction-sections -c -fmessage-length=0 -MMD -MP -MF"Src/eps_state.d" -MT"Src/eps_state.o" -o "Src/eps_state.o" "../Src/eps_state.c"
../Src/eps_state.c: In function 'get_batterypack_temperature':
../Src/eps_state.c:129:65: warning: pointer targets in passing argument 3 of 'read_device_temperature' differ in signedness [-Wpointer-sign]
   statusA= read_device_temperature(h_i2c, sensor_A_i2c_address, &temperature_measurementA);
                                                                 ^
In file included from /home/ariolis/upsat-eps-software/epsSubsystemWorkspace/epsSubsystem/Inc/eps_state.h:13:0,
                 from ../Src/eps_state.c:8:
/home/ariolis/upsat-eps-software/epsSubsystemWorkspace/epsSubsystem/Inc/tc74_temp_sensor.h:31:14: note: expected 'uint8_t * {aka unsigned char *}' but argument is of type 'int8_t * {aka signed char *}'
 TC_74_STATUS read_device_temperature(I2C_HandleTypeDef *h_i2c, uint8_t device_i2c_address, uint8_t *receive_word );
              ^
../Src/eps_state.c:132:65: warning: pointer targets in passing argument 3 of 'read_device_temperature' differ in signedness [-Wpointer-sign]
   statusB= read_device_temperature(h_i2c, sensor_B_i2c_address, &temperature_measurementB);
                                                                 ^
In file included from /home/ariolis/upsat-eps-software/epsSubsystemWorkspace/epsSubsystem/Inc/eps_state.h:13:0,
                 from ../Src/eps_state.c:8:
/home/ariolis/upsat-eps-software/epsSubsystemWorkspace/epsSubsystem/Inc/tc74_temp_sensor.h:31:14: note: expected 'uint8_t * {aka unsigned char *}' but argument is of type 'int8_t * {aka signed char *}'
 TC_74_STATUS read_device_temperature(I2C_HandleTypeDef *h_i2c, uint8_t device_i2c_address, uint8_t *receive_word );
              ^
../Src/eps_state.c:114:25: warning: variable 'statusB' set but not used [-Wunused-but-set-variable]
   TC_74_STATUS statusA, statusB;
                         ^
../Src/eps_state.c:114:16: warning: variable 'statusA' set but not used [-Wunused-but-set-variable]
   TC_74_STATUS statusA, statusB;
                ^
../Src/eps_state.c: In function 'EPS_state_init':
../Src/eps_state.c:167:56: warning: passing argument 3 of 'EPS_set_rail_switch' discards 'volatile' qualifier from pointer target type [-Wdiscarded-qualifiers]
  EPS_set_rail_switch(TEMP_SENSOR, EPS_SWITCH_RAIL_OFF, state);
                                                        ^
In file included from ../Src/eps_state.c:8:0:
/home/ariolis/upsat-eps-software/epsSubsystemWorkspace/epsSubsystem/Inc/eps_state.h:90:6: note: expected 'EPS_State * {aka struct <anonymous> *}' but argument is of type 'volatile EPS_State * {aka volatile struct <anonymous> *}'
 void EPS_set_rail_switch(EPS_switch_rail eps_switch, EPS_switch_rail_status switch_status, EPS_State *state);
      ^
../Src/eps_state.c:168:55: warning: passing argument 3 of 'EPS_set_rail_switch' discards 'volatile' qualifier from pointer target type [-Wdiscarded-qualifiers]
  EPS_set_rail_switch(TEMP_SENSOR, EPS_SWITCH_RAIL_ON, state);
                                                       ^
In file included from ../Src/eps_state.c:8:0:
/home/ariolis/upsat-eps-software/epsSubsystemWorkspace/epsSubsystem/Inc/eps_state.h:90:6: note: expected 'EPS_State * {aka struct <anonymous> *}' but argument is of type 'volatile EPS_State * {aka volatile struct <anonymous> *}'
 void EPS_set_rail_switch(EPS_switch_rail eps_switch, EPS_switch_rail_status switch_status, EPS_State *state);
      ^
../Src/eps_state.c:169:56: warning: passing argument 3 of 'EPS_set_rail_switch' discards 'volatile' qualifier from pointer target type [-Wdiscarded-qualifiers]
  EPS_set_rail_switch(TEMP_SENSOR, EPS_SWITCH_RAIL_OFF, state);
                                                        ^
In file included from ../Src/eps_state.c:8:0:
/home/ariolis/upsat-eps-software/epsSubsystemWorkspace/epsSubsystem/Inc/eps_state.h:90:6: note: expected 'EPS_State * {aka struct <anonymous> *}' but argument is of type 'volatile EPS_State * {aka volatile struct <anonymous> *}'
 void EPS_set_rail_switch(EPS_switch_rail eps_switch, EPS_switch_rail_status switch_status, EPS_State *state);
      ^
../Src/eps_state.c:170:55: warning: passing argument 3 of 'EPS_set_rail_switch' discards 'volatile' qualifier from pointer target type [-Wdiscarded-qualifiers]
  EPS_set_rail_switch(TEMP_SENSOR, EPS_SWITCH_RAIL_ON, state);
                                                       ^
In file included from ../Src/eps_state.c:8:0:
/home/ariolis/upsat-eps-software/epsSubsystemWorkspace/epsSubsystem/Inc/eps_state.h:90:6: note: expected 'EPS_State * {aka struct <anonymous> *}' but argument is of type 'volatile EPS_State * {aka volatile struct <anonymous> *}'
 void EPS_set_rail_switch(EPS_switch_rail eps_switch, EPS_switch_rail_status switch_status, EPS_State *state);
      ^
Finished building: ../Src/eps_state.c
 
Building target: epsSubsystem.elf
Invoking: MCU GCC Linker
arm-none-eabi-gcc -mcpu=cortex-m3 -mthumb -mfloat-abi=soft -specs=nosys.specs -specs=nano.specs -T"../STM32L152RBTx_FLASH.ld" -Wl,-Map=output.map -Wl,--gc-sections -lm -o "epsSubsystem.elf" @"objects.list"  
Finished building target: epsSubsystem.elf
 
make --no-print-directory post-build
Generating binary and Printing size information:
arm-none-eabi-objcopy -O binary "epsSubsystem.elf" "epsSubsystem.bin"
arm-none-eabi-size "epsSubsystem.elf"
   text	   data	    bss	    dec	    hex	filename
  26240	     16	   2456	  28712	   7028	epsSubsystem.elf
 
20:36:05 **** Incremental Build of configuration Debug for project epsSubsystem ****
make all 
make: Nothing to be done for `all'.
